<?xml version="1.0" encoding="UTF-8"?>
<coverage generated="1743103134891" clover="3.2.0">
  <project timestamp="1743103134892" name="All files">
    <metrics statements="696" coveredstatements="416" conditionals="168" coveredconditionals="69" methods="18" coveredmethods="7" elements="882" coveredelements="492" complexity="0" loc="696" ncloc="696" packages="2" files="5" classes="5"/>
    <package name="src">
      <metrics statements="229" coveredstatements="0" conditionals="3" coveredconditionals="0" methods="3" coveredmethods="0"/>
      <file name="App.tsx" path="/home/stephane/Documents/GitHub/OC-DA-JS-React/P14_OC_DA_JS_React/react-ts-tab-lib/src/App.tsx">
        <metrics statements="218" coveredstatements="0" conditionals="1" coveredconditionals="0" methods="1" coveredmethods="0"/>
        <line num="1" count="0" type="cond" truecount="0" falsecount="1"/>
        <line num="2" count="0" type="stmt"/>
        <line num="11" count="0" type="stmt"/>
        <line num="13" count="0" type="stmt"/>
        <line num="14" count="0" type="stmt"/>
        <line num="15" count="0" type="stmt"/>
        <line num="16" count="0" type="stmt"/>
        <line num="17" count="0" type="stmt"/>
        <line num="18" count="0" type="stmt"/>
        <line num="19" count="0" type="stmt"/>
        <line num="20" count="0" type="stmt"/>
        <line num="21" count="0" type="stmt"/>
        <line num="22" count="0" type="stmt"/>
        <line num="23" count="0" type="stmt"/>
        <line num="24" count="0" type="stmt"/>
        <line num="25" count="0" type="stmt"/>
        <line num="26" count="0" type="stmt"/>
        <line num="27" count="0" type="stmt"/>
        <line num="28" count="0" type="stmt"/>
        <line num="29" count="0" type="stmt"/>
        <line num="30" count="0" type="stmt"/>
        <line num="31" count="0" type="stmt"/>
        <line num="32" count="0" type="stmt"/>
        <line num="33" count="0" type="stmt"/>
        <line num="35" count="0" type="stmt"/>
        <line num="36" count="0" type="stmt"/>
        <line num="37" count="0" type="stmt"/>
        <line num="38" count="0" type="stmt"/>
        <line num="39" count="0" type="stmt"/>
        <line num="40" count="0" type="stmt"/>
        <line num="41" count="0" type="stmt"/>
        <line num="42" count="0" type="stmt"/>
        <line num="43" count="0" type="stmt"/>
        <line num="44" count="0" type="stmt"/>
        <line num="45" count="0" type="stmt"/>
        <line num="46" count="0" type="stmt"/>
        <line num="47" count="0" type="stmt"/>
        <line num="48" count="0" type="stmt"/>
        <line num="49" count="0" type="stmt"/>
        <line num="50" count="0" type="stmt"/>
        <line num="51" count="0" type="stmt"/>
        <line num="52" count="0" type="stmt"/>
        <line num="53" count="0" type="stmt"/>
        <line num="54" count="0" type="stmt"/>
        <line num="55" count="0" type="stmt"/>
        <line num="56" count="0" type="stmt"/>
        <line num="57" count="0" type="stmt"/>
        <line num="58" count="0" type="stmt"/>
        <line num="59" count="0" type="stmt"/>
        <line num="60" count="0" type="stmt"/>
        <line num="61" count="0" type="stmt"/>
        <line num="62" count="0" type="stmt"/>
        <line num="63" count="0" type="stmt"/>
        <line num="64" count="0" type="stmt"/>
        <line num="65" count="0" type="stmt"/>
        <line num="66" count="0" type="stmt"/>
        <line num="67" count="0" type="stmt"/>
        <line num="68" count="0" type="stmt"/>
        <line num="69" count="0" type="stmt"/>
        <line num="70" count="0" type="stmt"/>
        <line num="71" count="0" type="stmt"/>
        <line num="72" count="0" type="stmt"/>
        <line num="73" count="0" type="stmt"/>
        <line num="74" count="0" type="stmt"/>
        <line num="75" count="0" type="stmt"/>
        <line num="76" count="0" type="stmt"/>
        <line num="77" count="0" type="stmt"/>
        <line num="78" count="0" type="stmt"/>
        <line num="79" count="0" type="stmt"/>
        <line num="80" count="0" type="stmt"/>
        <line num="81" count="0" type="stmt"/>
        <line num="82" count="0" type="stmt"/>
        <line num="83" count="0" type="stmt"/>
        <line num="84" count="0" type="stmt"/>
        <line num="85" count="0" type="stmt"/>
        <line num="86" count="0" type="stmt"/>
        <line num="87" count="0" type="stmt"/>
        <line num="88" count="0" type="stmt"/>
        <line num="89" count="0" type="stmt"/>
        <line num="90" count="0" type="stmt"/>
        <line num="91" count="0" type="stmt"/>
        <line num="92" count="0" type="stmt"/>
        <line num="93" count="0" type="stmt"/>
        <line num="94" count="0" type="stmt"/>
        <line num="95" count="0" type="stmt"/>
        <line num="96" count="0" type="stmt"/>
        <line num="97" count="0" type="stmt"/>
        <line num="98" count="0" type="stmt"/>
        <line num="99" count="0" type="stmt"/>
        <line num="100" count="0" type="stmt"/>
        <line num="101" count="0" type="stmt"/>
        <line num="102" count="0" type="stmt"/>
        <line num="103" count="0" type="stmt"/>
        <line num="104" count="0" type="stmt"/>
        <line num="105" count="0" type="stmt"/>
        <line num="106" count="0" type="stmt"/>
        <line num="107" count="0" type="stmt"/>
        <line num="108" count="0" type="stmt"/>
        <line num="109" count="0" type="stmt"/>
        <line num="110" count="0" type="stmt"/>
        <line num="111" count="0" type="stmt"/>
        <line num="112" count="0" type="stmt"/>
        <line num="113" count="0" type="stmt"/>
        <line num="114" count="0" type="stmt"/>
        <line num="115" count="0" type="stmt"/>
        <line num="116" count="0" type="stmt"/>
        <line num="117" count="0" type="stmt"/>
        <line num="118" count="0" type="stmt"/>
        <line num="119" count="0" type="stmt"/>
        <line num="120" count="0" type="stmt"/>
        <line num="121" count="0" type="stmt"/>
        <line num="122" count="0" type="stmt"/>
        <line num="123" count="0" type="stmt"/>
        <line num="124" count="0" type="stmt"/>
        <line num="125" count="0" type="stmt"/>
        <line num="126" count="0" type="stmt"/>
        <line num="127" count="0" type="stmt"/>
        <line num="128" count="0" type="stmt"/>
        <line num="129" count="0" type="stmt"/>
        <line num="130" count="0" type="stmt"/>
        <line num="131" count="0" type="stmt"/>
        <line num="132" count="0" type="stmt"/>
        <line num="133" count="0" type="stmt"/>
        <line num="134" count="0" type="stmt"/>
        <line num="135" count="0" type="stmt"/>
        <line num="136" count="0" type="stmt"/>
        <line num="137" count="0" type="stmt"/>
        <line num="138" count="0" type="stmt"/>
        <line num="139" count="0" type="stmt"/>
        <line num="140" count="0" type="stmt"/>
        <line num="141" count="0" type="stmt"/>
        <line num="142" count="0" type="stmt"/>
        <line num="143" count="0" type="stmt"/>
        <line num="144" count="0" type="stmt"/>
        <line num="145" count="0" type="stmt"/>
        <line num="146" count="0" type="stmt"/>
        <line num="147" count="0" type="stmt"/>
        <line num="148" count="0" type="stmt"/>
        <line num="149" count="0" type="stmt"/>
        <line num="150" count="0" type="stmt"/>
        <line num="151" count="0" type="stmt"/>
        <line num="152" count="0" type="stmt"/>
        <line num="153" count="0" type="stmt"/>
        <line num="154" count="0" type="stmt"/>
        <line num="155" count="0" type="stmt"/>
        <line num="156" count="0" type="stmt"/>
        <line num="157" count="0" type="stmt"/>
        <line num="158" count="0" type="stmt"/>
        <line num="159" count="0" type="stmt"/>
        <line num="160" count="0" type="stmt"/>
        <line num="161" count="0" type="stmt"/>
        <line num="162" count="0" type="stmt"/>
        <line num="163" count="0" type="stmt"/>
        <line num="164" count="0" type="stmt"/>
        <line num="165" count="0" type="stmt"/>
        <line num="166" count="0" type="stmt"/>
        <line num="167" count="0" type="stmt"/>
        <line num="168" count="0" type="stmt"/>
        <line num="169" count="0" type="stmt"/>
        <line num="170" count="0" type="stmt"/>
        <line num="171" count="0" type="stmt"/>
        <line num="172" count="0" type="stmt"/>
        <line num="173" count="0" type="stmt"/>
        <line num="174" count="0" type="stmt"/>
        <line num="175" count="0" type="stmt"/>
        <line num="176" count="0" type="stmt"/>
        <line num="177" count="0" type="stmt"/>
        <line num="178" count="0" type="stmt"/>
        <line num="179" count="0" type="stmt"/>
        <line num="180" count="0" type="stmt"/>
        <line num="181" count="0" type="stmt"/>
        <line num="182" count="0" type="stmt"/>
        <line num="183" count="0" type="stmt"/>
        <line num="184" count="0" type="stmt"/>
        <line num="185" count="0" type="stmt"/>
        <line num="186" count="0" type="stmt"/>
        <line num="187" count="0" type="stmt"/>
        <line num="188" count="0" type="stmt"/>
        <line num="189" count="0" type="stmt"/>
        <line num="190" count="0" type="stmt"/>
        <line num="191" count="0" type="stmt"/>
        <line num="192" count="0" type="stmt"/>
        <line num="193" count="0" type="stmt"/>
        <line num="194" count="0" type="stmt"/>
        <line num="195" count="0" type="stmt"/>
        <line num="196" count="0" type="stmt"/>
        <line num="778" count="0" type="stmt"/>
        <line num="780" count="0" type="stmt"/>
        <line num="781" count="0" type="stmt"/>
        <line num="782" count="0" type="stmt"/>
        <line num="783" count="0" type="stmt"/>
        <line num="784" count="0" type="stmt"/>
        <line num="785" count="0" type="stmt"/>
        <line num="786" count="0" type="stmt"/>
        <line num="787" count="0" type="stmt"/>
        <line num="788" count="0" type="stmt"/>
        <line num="790" count="0" type="stmt"/>
        <line num="791" count="0" type="stmt"/>
        <line num="792" count="0" type="stmt"/>
        <line num="793" count="0" type="stmt"/>
        <line num="794" count="0" type="stmt"/>
        <line num="795" count="0" type="stmt"/>
        <line num="796" count="0" type="stmt"/>
        <line num="797" count="0" type="stmt"/>
        <line num="798" count="0" type="stmt"/>
        <line num="799" count="0" type="stmt"/>
        <line num="800" count="0" type="stmt"/>
        <line num="801" count="0" type="stmt"/>
        <line num="802" count="0" type="stmt"/>
        <line num="803" count="0" type="stmt"/>
        <line num="804" count="0" type="stmt"/>
        <line num="805" count="0" type="stmt"/>
        <line num="806" count="0" type="stmt"/>
        <line num="807" count="0" type="stmt"/>
        <line num="808" count="0" type="stmt"/>
        <line num="809" count="0" type="stmt"/>
        <line num="811" count="0" type="stmt"/>
        <line num="813" count="0" type="stmt"/>
      </file>
      <file name="index.ts" path="/home/stephane/Documents/GitHub/OC-DA-JS-React/P14_OC_DA_JS_React/react-ts-tab-lib/src/index.ts">
        <metrics statements="2" coveredstatements="0" conditionals="1" coveredconditionals="0" methods="1" coveredmethods="0"/>
        <line num="1" count="0" type="cond" truecount="0" falsecount="1"/>
        <line num="2" count="0" type="stmt"/>
      </file>
      <file name="main.tsx" path="/home/stephane/Documents/GitHub/OC-DA-JS-React/P14_OC_DA_JS_React/react-ts-tab-lib/src/main.tsx">
        <metrics statements="9" coveredstatements="0" conditionals="1" coveredconditionals="0" methods="1" coveredmethods="0"/>
        <line num="1" count="0" type="cond" truecount="0" falsecount="1"/>
        <line num="2" count="0" type="stmt"/>
        <line num="3" count="0" type="stmt"/>
        <line num="4" count="0" type="stmt"/>
        <line num="6" count="0" type="stmt"/>
        <line num="7" count="0" type="stmt"/>
        <line num="8" count="0" type="stmt"/>
        <line num="9" count="0" type="stmt"/>
        <line num="10" count="0" type="stmt"/>
      </file>
    </package>
    <package name="src.components.Table">
      <metrics statements="467" coveredstatements="416" conditionals="165" coveredconditionals="69" methods="15" coveredmethods="7"/>
      <file name="Table.tsx" path="/home/stephane/Documents/GitHub/OC-DA-JS-React/P14_OC_DA_JS_React/react-ts-tab-lib/src/components/Table/Table.tsx">
        <metrics statements="466" coveredstatements="416" conditionals="164" coveredconditionals="69" methods="14" coveredmethods="7"/>
        <line num="1" count="1" type="stmt"/>
        <line num="2" count="1" type="stmt"/>
        <line num="3" count="1" type="stmt"/>
        <line num="6" count="1" type="stmt"/>
        <line num="7" count="1" type="stmt"/>
        <line num="8" count="1" type="stmt"/>
        <line num="163" count="1" type="cond" truecount="1" falsecount="0"/>
        <line num="164" count="15" type="cond" truecount="2" falsecount="0"/>
        <line num="166" count="7" type="stmt"/>
        <line num="167" count="7" type="stmt"/>
        <line num="169" count="15" type="cond" truecount="1" falsecount="0"/>
        <line num="170" count="21" type="cond" truecount="2" falsecount="0"/>
        <line num="171" count="21" type="stmt"/>
        <line num="172" count="21" type="cond" truecount="0" falsecount="1"/>
        <line num="173" count="0" type="stmt"/>
        <line num="174" count="0" type="stmt"/>
        <line num="175" count="21" type="cond" truecount="1" falsecount="0"/>
        <line num="177" count="7" type="stmt"/>
        <line num="178" count="15" type="cond" truecount="1" falsecount="0"/>
        <line num="179" count="21" type="stmt"/>
        <line num="180" count="21" type="stmt"/>
        <line num="181" count="21" type="cond" truecount="0" falsecount="1"/>
        <line num="182" count="0" type="stmt"/>
        <line num="183" count="0" type="stmt"/>
        <line num="184" count="21" type="cond" truecount="1" falsecount="0"/>
        <line num="186" count="7" type="stmt"/>
        <line num="187" count="7" type="stmt"/>
        <line num="226" count="27" type="cond" truecount="1" falsecount="0"/>
        <line num="227" count="27" type="stmt"/>
        <line num="228" count="27" type="stmt"/>
        <line num="229" count="27" type="stmt"/>
        <line num="230" count="27" type="stmt"/>
        <line num="231" count="27" type="stmt"/>
        <line num="232" count="27" type="stmt"/>
        <line num="233" count="27" type="stmt"/>
        <line num="234" count="27" type="stmt"/>
        <line num="235" count="27" type="stmt"/>
        <line num="237" count="27" type="stmt"/>
        <line num="238" count="27" type="stmt"/>
        <line num="239" count="27" type="stmt"/>
        <line num="240" count="27" type="stmt"/>
        <line num="241" count="27" type="stmt"/>
        <line num="242" count="27" type="stmt"/>
        <line num="243" count="27" type="cond" truecount="0" falsecount="1"/>
        <line num="244" count="27" type="cond" truecount="0" falsecount="1"/>
        <line num="245" count="27" type="stmt"/>
        <line num="246" count="27" type="stmt"/>
        <line num="247" count="27" type="stmt"/>
        <line num="248" count="27" type="stmt"/>
        <line num="249" count="27" type="stmt"/>
        <line num="251" count="27" type="stmt"/>
        <line num="252" count="27" type="stmt"/>
        <line num="253" count="27" type="stmt"/>
        <line num="258" count="27" type="cond" truecount="1" falsecount="0"/>
        <line num="259" count="7" type="cond" truecount="1" falsecount="0"/>
        <line num="260" count="7" type="cond" truecount="1" falsecount="0"/>
        <line num="261" count="7" type="cond" truecount="1" falsecount="0"/>
        <line num="262" count="571" type="cond" truecount="1" falsecount="0"/>
        <line num="263" count="486" type="stmt"/>
        <line num="264" count="486" type="stmt"/>
        <line num="265" count="486" type="cond" truecount="0" falsecount="1"/>
        <line num="266" count="0" type="stmt"/>
        <line num="267" count="0" type="stmt"/>
        <line num="268" count="0" type="stmt"/>
        <line num="269" count="0" type="stmt"/>
        <line num="270" count="0" type="stmt"/>
        <line num="271" count="0" type="stmt"/>
        <line num="272" count="571" type="cond" truecount="1" falsecount="0"/>
        <line num="273" count="85" type="stmt"/>
        <line num="274" count="85" type="stmt"/>
        <line num="275" count="85" type="cond" truecount="0" falsecount="1"/>
        <line num="276" count="0" type="stmt"/>
        <line num="277" count="0" type="stmt"/>
        <line num="278" count="0" type="stmt"/>
        <line num="279" count="0" type="stmt"/>
        <line num="280" count="0" type="stmt"/>
        <line num="281" count="0" type="stmt"/>
        <line num="282" count="85" type="stmt"/>
        <line num="283" count="7" type="stmt"/>
        <line num="285" count="7" type="cond" truecount="1" falsecount="0"/>
        <line num="287" count="27" type="stmt"/>
        <line num="294" count="27" type="cond" truecount="1" falsecount="0"/>
        <line num="295" count="1" type="stmt"/>
        <line num="297" count="1" type="stmt"/>
        <line num="298" count="1" type="stmt"/>
        <line num="299" count="1" type="stmt"/>
        <line num="300" count="1" type="cond" truecount="0" falsecount="1"/>
        <line num="301" count="0" type="stmt"/>
        <line num="302" count="0" type="stmt"/>
        <line num="303" count="1" type="cond" truecount="0" falsecount="1"/>
        <line num="304" count="0" type="stmt"/>
        <line num="305" count="0" type="stmt"/>
        <line num="306" count="1" type="stmt"/>
        <line num="313" count="27" type="stmt"/>
        <line num="314" count="0" type="stmt"/>
        <line num="315" count="0" type="stmt"/>
        <line num="316" count="0" type="stmt"/>
        <line num="317" count="0" type="stmt"/>
        <line num="329" count="27" type="cond" truecount="1" falsecount="0"/>
        <line num="330" count="2" type="stmt"/>
        <line num="332" count="2" type="cond" truecount="1" falsecount="0"/>
        <line num="334" count="2" type="cond" truecount="1" falsecount="0"/>
        <line num="335" count="46" type="stmt"/>
        <line num="337" count="46" type="cond" truecount="1" falsecount="0"/>
        <line num="338" count="230" type="cond" truecount="0" falsecount="1"/>
        <line num="339" count="0" type="stmt"/>
        <line num="340" count="230" type="cond" truecount="1" falsecount="0"/>
        <line num="341" count="138" type="stmt"/>
        <line num="342" count="138" type="stmt"/>
        <line num="343" count="46" type="stmt"/>
        <line num="345" count="46" type="cond" truecount="1" falsecount="0"/>
        <line num="346" count="2" type="stmt"/>
        <line num="347" count="2" type="stmt"/>
        <line num="348" count="2" type="stmt"/>
        <line num="350" count="2" type="stmt"/>
        <line num="351" count="2" type="stmt"/>
        <line num="352" count="2" type="stmt"/>
        <line num="357" count="27" type="cond" truecount="1" falsecount="0"/>
        <line num="358" count="8" type="stmt"/>
        <line num="359" count="8" type="cond" truecount="1" falsecount="0"/>
        <line num="360" count="1" type="stmt"/>
        <line num="361" count="1" type="stmt"/>
        <line num="362" count="1" type="cond" truecount="1" falsecount="0"/>
        <line num="363" count="7" type="stmt"/>
        <line num="364" count="27" type="stmt"/>
        <line num="369" count="27" type="cond" truecount="1" falsecount="0"/>
        <line num="370" count="16" type="stmt"/>
        <line num="371" count="16" type="stmt"/>
        <line num="372" count="16" type="stmt"/>
        <line num="373" count="27" type="stmt"/>
        <line num="375" count="27" type="stmt"/>
        <line num="376" count="27" type="cond" truecount="1" falsecount="0"/>
        <line num="377" count="27" type="stmt"/>
        <line num="378" count="27" type="stmt"/>
        <line num="380" count="27" type="cond" truecount="1" falsecount="0"/>
        <line num="381" count="108" type="stmt"/>
        <line num="382" count="108" type="stmt"/>
        <line num="383" count="108" type="stmt"/>
        <line num="384" count="108" type="stmt"/>
        <line num="385" count="108" type="stmt"/>
        <line num="386" count="108" type="cond" truecount="0" falsecount="1"/>
        <line num="387" count="108" type="cond" truecount="0" falsecount="1"/>
        <line num="390" count="108" type="stmt"/>
        <line num="391" count="108" type="stmt"/>
        <line num="392" count="108" type="stmt"/>
        <line num="393" count="27" type="stmt"/>
        <line num="395" count="27" type="cond" truecount="1" falsecount="0"/>
        <line num="396" count="6" type="stmt"/>
        <line num="397" count="6" type="stmt"/>
        <line num="398" count="6" type="stmt"/>
        <line num="399" count="6" type="stmt"/>
        <line num="400" count="6" type="stmt"/>
        <line num="402" count="27" type="stmt"/>
        <line num="408" count="27" type="stmt"/>
        <line num="409" count="27" type="cond" truecount="1" falsecount="0"/>
        <line num="410" count="27" type="stmt"/>
        <line num="411" count="27" type="stmt"/>
        <line num="413" count="27" type="stmt"/>
        <line num="414" count="27" type="stmt"/>
        <line num="415" count="27" type="cond" truecount="0" falsecount="1"/>
        <line num="416" count="27" type="stmt"/>
        <line num="417" count="27" type="stmt"/>
        <line num="418" count="27" type="stmt"/>
        <line num="419" count="27" type="stmt"/>
        <line num="420" count="27" type="stmt"/>
        <line num="421" count="27" type="stmt"/>
        <line num="422" count="27" type="stmt"/>
        <line num="423" count="27" type="cond" truecount="0" falsecount="1"/>
        <line num="424" count="27" type="cond" truecount="0" falsecount="1"/>
        <line num="425" count="27" type="cond" truecount="0" falsecount="1"/>
        <line num="426" count="27" type="cond" truecount="0" falsecount="1"/>
        <line num="427" count="27" type="cond" truecount="0" falsecount="1"/>
        <line num="428" count="27" type="cond" truecount="0" falsecount="1"/>
        <line num="431" count="27" type="stmt"/>
        <line num="432" count="27" type="stmt"/>
        <line num="433" count="27" type="stmt"/>
        <line num="434" count="27" type="stmt"/>
        <line num="435" count="27" type="stmt"/>
        <line num="436" count="27" type="stmt"/>
        <line num="437" count="27" type="stmt"/>
        <line num="438" count="27" type="stmt"/>
        <line num="439" count="27" type="stmt"/>
        <line num="440" count="27" type="stmt"/>
        <line num="441" count="27" type="stmt"/>
        <line num="442" count="27" type="stmt"/>
        <line num="443" count="27" type="stmt"/>
        <line num="444" count="27" type="stmt"/>
        <line num="445" count="27" type="stmt"/>
        <line num="446" count="27" type="stmt"/>
        <line num="447" count="0" type="stmt"/>
        <line num="448" count="0" type="stmt"/>
        <line num="449" count="0" type="stmt"/>
        <line num="450" count="0" type="stmt"/>
        <line num="451" count="27" type="stmt"/>
        <line num="452" count="27" type="cond" truecount="0" falsecount="1"/>
        <line num="453" count="27" type="cond" truecount="0" falsecount="1"/>
        <line num="454" count="27" type="cond" truecount="0" falsecount="1"/>
        <line num="455" count="27" type="cond" truecount="0" falsecount="1"/>
        <line num="456" count="27" type="cond" truecount="0" falsecount="1"/>
        <line num="457" count="27" type="cond" truecount="0" falsecount="1"/>
        <line num="460" count="27" type="cond" truecount="1" falsecount="0"/>
        <line num="461" count="108" type="stmt"/>
        <line num="462" count="108" type="stmt"/>
        <line num="463" count="108" type="stmt"/>
        <line num="464" count="27" type="stmt"/>
        <line num="465" count="27" type="stmt"/>
        <line num="466" count="27" type="stmt"/>
        <line num="467" count="27" type="stmt"/>
        <line num="469" count="27" type="stmt"/>
        <line num="470" count="27" type="stmt"/>
        <line num="471" count="27" type="stmt"/>
        <line num="472" count="27" type="cond" truecount="0" falsecount="1"/>
        <line num="474" count="27" type="cond" truecount="0" falsecount="1"/>
        <line num="475" count="27" type="stmt"/>
        <line num="477" count="27" type="stmt"/>
        <line num="478" count="27" type="stmt"/>
        <line num="479" count="27" type="stmt"/>
        <line num="480" count="27" type="stmt"/>
        <line num="481" count="27" type="stmt"/>
        <line num="482" count="27" type="stmt"/>
        <line num="483" count="27" type="cond" truecount="0" falsecount="1"/>
        <line num="484" count="27" type="cond" truecount="0" falsecount="1"/>
        <line num="485" count="27" type="cond" truecount="0" falsecount="1"/>
        <line num="486" count="27" type="cond" truecount="0" falsecount="1"/>
        <line num="487" count="27" type="cond" truecount="0" falsecount="1"/>
        <line num="488" count="27" type="cond" truecount="0" falsecount="1"/>
        <line num="489" count="27" type="cond" truecount="0" falsecount="1"/>
        <line num="490" count="27" type="cond" truecount="0" falsecount="1"/>
        <line num="492" count="27" type="cond" truecount="1" falsecount="0"/>
        <line num="493" count="27" type="stmt"/>
        <line num="494" count="27" type="stmt"/>
        <line num="495" count="27" type="stmt"/>
        <line num="497" count="27" type="stmt"/>
        <line num="498" count="27" type="stmt"/>
        <line num="499" count="27" type="cond" truecount="0" falsecount="1"/>
        <line num="500" count="27" type="cond" truecount="0" falsecount="1"/>
        <line num="501" count="27" type="cond" truecount="0" falsecount="1"/>
        <line num="502" count="27" type="cond" truecount="0" falsecount="1"/>
        <line num="503" count="27" type="cond" truecount="0" falsecount="1"/>
        <line num="506" count="27" type="stmt"/>
        <line num="507" count="27" type="stmt"/>
        <line num="508" count="27" type="stmt"/>
        <line num="509" count="27" type="stmt"/>
        <line num="510" count="27" type="stmt"/>
        <line num="511" count="27" type="stmt"/>
        <line num="513" count="27" type="cond" truecount="1" falsecount="0"/>
        <line num="514" count="81" type="stmt"/>
        <line num="515" count="81" type="stmt"/>
        <line num="516" count="81" type="stmt"/>
        <line num="517" count="81" type="stmt"/>
        <line num="518" count="81" type="stmt"/>
        <line num="520" count="81" type="stmt"/>
        <line num="521" count="81" type="stmt"/>
        <line num="522" count="81" type="stmt"/>
        <line num="523" count="81" type="stmt"/>
        <line num="524" count="81" type="stmt"/>
        <line num="526" count="81" type="cond" truecount="0" falsecount="1"/>
        <line num="527" count="81" type="cond" truecount="0" falsecount="1"/>
        <line num="528" count="81" type="cond" truecount="0" falsecount="1"/>
        <line num="529" count="81" type="cond" truecount="0" falsecount="1"/>
        <line num="530" count="81" type="cond" truecount="0" falsecount="1"/>
        <line num="531" count="81" type="cond" truecount="0" falsecount="1"/>
        <line num="532" count="81" type="cond" truecount="0" falsecount="1"/>
        <line num="533" count="81" type="cond" truecount="0" falsecount="1"/>
        <line num="534" count="81" type="cond" truecount="2" falsecount="1"/>
        <line num="535" count="81" type="cond" truecount="2" falsecount="1"/>
        <line num="536" count="81" type="cond" truecount="2" falsecount="1"/>
        <line num="537" count="81" type="cond" truecount="2" falsecount="1"/>
        <line num="539" count="81" type="cond" truecount="1" falsecount="0"/>
        <line num="541" count="81" type="stmt"/>
        <line num="542" count="81" type="stmt"/>
        <line num="543" count="81" type="stmt"/>
        <line num="544" count="81" type="stmt"/>
        <line num="545" count="81" type="stmt"/>
        <line num="547" count="81" type="cond" truecount="0" falsecount="1"/>
        <line num="548" count="81" type="stmt"/>
        <line num="549" count="81" type="stmt"/>
        <line num="550" count="81" type="stmt"/>
        <line num="551" count="81" type="stmt"/>
        <line num="552" count="81" type="stmt"/>
        <line num="554" count="81" type="stmt"/>
        <line num="555" count="81" type="stmt"/>
        <line num="556" count="81" type="cond" truecount="2" falsecount="0"/>
        <line num="557" count="81" type="cond" truecount="3" falsecount="0"/>
        <line num="559" count="81" type="stmt"/>
        <line num="560" count="81" type="stmt"/>
        <line num="561" count="81" type="cond" truecount="0" falsecount="1"/>
        <line num="563" count="81" type="stmt"/>
        <line num="564" count="81" type="stmt"/>
        <line num="565" count="81" type="stmt"/>
        <line num="566" count="81" type="stmt"/>
        <line num="567" count="81" type="stmt"/>
        <line num="568" count="81" type="stmt"/>
        <line num="569" count="81" type="stmt"/>
        <line num="570" count="27" type="stmt"/>
        <line num="571" count="27" type="stmt"/>
        <line num="572" count="27" type="stmt"/>
        <line num="573" count="27" type="stmt"/>
        <line num="574" count="27" type="cond" truecount="1" falsecount="0"/>
        <line num="575" count="7" type="stmt"/>
        <line num="576" count="7" type="stmt"/>
        <line num="577" count="7" type="stmt"/>
        <line num="578" count="7" type="stmt"/>
        <line num="579" count="7" type="stmt"/>
        <line num="580" count="7" type="cond" truecount="0" falsecount="1"/>
        <line num="582" count="7" type="stmt"/>
        <line num="584" count="7" type="stmt"/>
        <line num="585" count="7" type="stmt"/>
        <line num="586" count="7" type="stmt"/>
        <line num="587" count="7" type="stmt"/>
        <line num="588" count="7" type="stmt"/>
        <line num="589" count="7" type="cond" truecount="0" falsecount="1"/>
        <line num="590" count="7" type="stmt"/>
        <line num="591" count="7" type="cond" truecount="0" falsecount="1"/>
        <line num="594" count="7" type="stmt"/>
        <line num="595" count="7" type="stmt"/>
        <line num="596" count="7" type="cond" truecount="0" falsecount="1"/>
        <line num="597" count="7" type="cond" truecount="0" falsecount="1"/>
        <line num="600" count="7" type="cond" truecount="0" falsecount="1"/>
        <line num="601" count="7" type="stmt"/>
        <line num="602" count="7" type="stmt"/>
        <line num="603" count="7" type="stmt"/>
        <line num="606" count="27" type="cond" truecount="2" falsecount="0"/>
        <line num="607" count="192" type="stmt"/>
        <line num="608" count="192" type="stmt"/>
        <line num="609" count="192" type="stmt"/>
        <line num="610" count="192" type="stmt"/>
        <line num="611" count="192" type="stmt"/>
        <line num="612" count="192" type="stmt"/>
        <line num="613" count="0" type="stmt"/>
        <line num="614" count="0" type="stmt"/>
        <line num="615" count="0" type="stmt"/>
        <line num="616" count="0" type="stmt"/>
        <line num="617" count="0" type="stmt"/>
        <line num="618" count="192" type="stmt"/>
        <line num="619" count="0" type="stmt"/>
        <line num="620" count="0" type="stmt"/>
        <line num="621" count="0" type="stmt"/>
        <line num="622" count="0" type="stmt"/>
        <line num="623" count="0" type="stmt"/>
        <line num="624" count="192" type="stmt"/>
        <line num="625" count="0" type="stmt"/>
        <line num="626" count="0" type="stmt"/>
        <line num="627" count="0" type="stmt"/>
        <line num="628" count="0" type="stmt"/>
        <line num="629" count="192" type="stmt"/>
        <line num="630" count="192" type="cond" truecount="0" falsecount="1"/>
        <line num="631" count="192" type="cond" truecount="0" falsecount="1"/>
        <line num="634" count="192" type="cond" truecount="1" falsecount="0"/>
        <line num="635" count="576" type="stmt"/>
        <line num="636" count="576" type="stmt"/>
        <line num="637" count="576" type="cond" truecount="0" falsecount="1"/>
        <line num="638" count="576" type="stmt"/>
        <line num="639" count="576" type="stmt"/>
        <line num="640" count="576" type="stmt"/>
        <line num="641" count="576" type="cond" truecount="0" falsecount="1"/>
        <line num="644" count="576" type="stmt"/>
        <line num="646" count="576" type="stmt"/>
        <line num="648" count="576" type="cond" truecount="0" falsecount="1"/>
        <line num="650" count="576" type="cond" truecount="1" falsecount="0"/>
        <line num="651" count="288" type="cond" truecount="1" falsecount="1"/>
        <line num="652" count="288" type="cond" truecount="0" falsecount="1"/>
        <line num="653" count="576" type="stmt"/>
        <line num="654" count="576" type="cond" truecount="0" falsecount="1"/>
        <line num="655" count="576" type="cond" truecount="1" falsecount="0"/>
        <line num="656" count="192" type="cond" truecount="1" falsecount="1"/>
        <line num="657" count="384" type="stmt"/>
        <line num="658" count="576" type="stmt"/>
        <line num="659" count="576" type="cond" truecount="1" falsecount="0"/>
        <line num="660" count="192" type="cond" truecount="1" falsecount="1"/>
        <line num="661" count="384" type="stmt"/>
        <line num="662" count="576" type="stmt"/>
        <line num="665" count="576" type="cond" truecount="0" falsecount="1"/>
        <line num="666" count="0" type="stmt"/>
        <line num="667" count="576" type="stmt"/>
        <line num="669" count="576" type="stmt"/>
        <line num="670" count="576" type="stmt"/>
        <line num="671" count="192" type="stmt"/>
        <line num="673" count="192" type="stmt"/>
        <line num="674" count="20" type="stmt"/>
        <line num="676" count="27" type="stmt"/>
        <line num="677" count="27" type="stmt"/>
        <line num="678" count="27" type="stmt"/>
        <line num="680" count="27" type="stmt"/>
        <line num="681" count="27" type="stmt"/>
        <line num="682" count="27" type="stmt"/>
        <line num="684" count="27" type="stmt"/>
        <line num="685" count="27" type="cond" truecount="1" falsecount="0"/>
        <line num="687" count="23" type="stmt"/>
        <line num="688" count="23" type="cond" truecount="0" falsecount="1"/>
        <line num="689" count="23" type="stmt"/>
        <line num="690" count="23" type="cond" truecount="0" falsecount="1"/>
        <line num="691" count="23" type="stmt"/>
        <line num="692" count="23" type="cond" truecount="0" falsecount="1"/>
        <line num="693" count="23" type="stmt"/>
        <line num="694" count="23" type="cond" truecount="0" falsecount="1"/>
        <line num="695" count="23" type="cond" truecount="1" falsecount="0"/>
        <line num="698" count="4" type="stmt"/>
        <line num="699" count="4" type="cond" truecount="0" falsecount="1"/>
        <line num="700" count="4" type="stmt"/>
        <line num="701" count="4" type="cond" truecount="0" falsecount="1"/>
        <line num="702" count="4" type="stmt"/>
        <line num="703" count="4" type="cond" truecount="0" falsecount="1"/>
        <line num="704" count="4" type="stmt"/>
        <line num="707" count="27" type="stmt"/>
        <line num="709" count="27" type="stmt"/>
        <line num="710" count="27" type="stmt"/>
        <line num="712" count="27" type="cond" truecount="0" falsecount="1"/>
        <line num="713" count="27" type="cond" truecount="0" falsecount="1"/>
        <line num="714" count="27" type="cond" truecount="0" falsecount="1"/>
        <line num="715" count="27" type="cond" truecount="0" falsecount="1"/>
        <line num="716" count="27" type="cond" truecount="0" falsecount="1"/>
        <line num="719" count="27" type="cond" truecount="1" falsecount="0"/>
        <line num="720" count="2" type="stmt"/>
        <line num="721" count="2" type="stmt"/>
        <line num="722" count="2" type="stmt"/>
        <line num="723" count="2" type="stmt"/>
        <line num="724" count="2" type="stmt"/>
        <line num="726" count="2" type="cond" truecount="0" falsecount="1"/>
        <line num="727" count="2" type="cond" truecount="0" falsecount="1"/>
        <line num="728" count="2" type="cond" truecount="0" falsecount="1"/>
        <line num="729" count="2" type="cond" truecount="0" falsecount="1"/>
        <line num="731" count="2" type="stmt"/>
        <line num="733" count="2" type="cond" truecount="0" falsecount="1"/>
        <line num="734" count="2" type="stmt"/>
        <line num="735" count="2" type="stmt"/>
        <line num="736" count="2" type="stmt"/>
        <line num="739" count="27" type="cond" truecount="1" falsecount="0"/>
        <line num="740" count="57" type="stmt"/>
        <line num="741" count="57" type="stmt"/>
        <line num="742" count="57" type="stmt"/>
        <line num="743" count="57" type="stmt"/>
        <line num="744" count="57" type="stmt"/>
        <line num="745" count="57" type="cond" truecount="1" falsecount="0"/>
        <line num="746" count="19" type="cond" truecount="1" falsecount="1"/>
        <line num="747" count="38" type="cond" truecount="0" falsecount="1"/>
        <line num="748" count="57" type="stmt"/>
        <line num="749" count="57" type="cond" truecount="2" falsecount="0"/>
        <line num="751" count="57" type="stmt"/>
        <line num="752" count="57" type="cond" truecount="0" falsecount="1"/>
        <line num="754" count="0" type="stmt"/>
        <line num="755" count="0" type="stmt"/>
        <line num="756" count="0" type="stmt"/>
        <line num="757" count="0" type="stmt"/>
        <line num="759" count="0" type="stmt"/>
        <line num="760" count="0" type="stmt"/>
        <line num="762" count="27" type="stmt"/>
        <line num="764" count="27" type="cond" truecount="1" falsecount="0"/>
        <line num="765" count="19" type="stmt"/>
        <line num="766" count="19" type="stmt"/>
        <line num="767" count="19" type="stmt"/>
        <line num="768" count="19" type="cond" truecount="1" falsecount="0"/>
        <line num="769" count="19" type="stmt"/>
        <line num="771" count="19" type="cond" truecount="0" falsecount="1"/>
        <line num="772" count="19" type="cond" truecount="0" falsecount="1"/>
        <line num="773" count="19" type="cond" truecount="0" falsecount="1"/>
        <line num="774" count="19" type="cond" truecount="0" falsecount="1"/>
        <line num="777" count="19" type="cond" truecount="0" falsecount="1"/>
        <line num="778" count="19" type="stmt"/>
        <line num="779" count="19" type="stmt"/>
        <line num="780" count="19" type="stmt"/>
        <line num="782" count="27" type="stmt"/>
        <line num="783" count="27" type="stmt"/>
        <line num="784" count="27" type="stmt"/>
        <line num="786" count="27" type="stmt"/>
        <line num="788" count="1" type="stmt"/>
      </file>
      <file name="index.tsx" path="/home/stephane/Documents/GitHub/OC-DA-JS-React/P14_OC_DA_JS_React/react-ts-tab-lib/src/components/Table/index.tsx">
        <metrics statements="1" coveredstatements="0" conditionals="1" coveredconditionals="0" methods="1" coveredmethods="0"/>
        <line num="1" count="0" type="cond" truecount="0" falsecount="1"/>
      </file>
    </package>
  </project>
</coverage>
