<?xml version="1.0" encoding="UTF-8"?>
<coverage generated="1739880057347" clover="3.2.0">
  <project timestamp="1739880057347" name="All files">
    <metrics statements="260" coveredstatements="204" conditionals="44" coveredconditionals="38" methods="15" coveredmethods="7" elements="319" coveredelements="249" complexity="0" loc="260" ncloc="260" packages="1" files="1" classes="1"/>
    <file name="index.tsx" path="/home/stephane/Documents/GitHub/OC-DA-JS-React/P14_OC_DA_JS_React/react-table-library/src/components/Table/index.tsx">
      <metrics statements="260" coveredstatements="204" conditionals="44" coveredconditionals="38" methods="15" coveredmethods="7"/>
      <line num="1" count="1" type="stmt"/>
      <line num="25" count="60" type="cond" truecount="1" falsecount="0"/>
      <line num="27" count="60" type="stmt"/>
      <line num="28" count="60" type="stmt"/>
      <line num="29" count="60" type="stmt"/>
      <line num="30" count="60" type="stmt"/>
      <line num="31" count="60" type="stmt"/>
      <line num="32" count="60" type="stmt"/>
      <line num="33" count="60" type="stmt"/>
      <line num="36" count="60" type="stmt"/>
      <line num="37" count="60" type="stmt"/>
      <line num="39" count="60" type="stmt"/>
      <line num="40" count="60" type="stmt"/>
      <line num="42" count="60" type="stmt"/>
      <line num="56" count="60" type="cond" truecount="1" falsecount="0"/>
      <line num="57" count="10" type="stmt"/>
      <line num="59" count="10" type="cond" truecount="1" falsecount="0"/>
      <line num="60" count="10" type="cond" truecount="1" falsecount="0"/>
      <line num="61" count="5" type="stmt"/>
      <line num="62" count="5" type="cond" truecount="1" falsecount="0"/>
      <line num="63" count="1" type="cond" truecount="1" falsecount="0"/>
      <line num="64" count="1" type="stmt"/>
      <line num="65" count="5" type="cond" truecount="1" falsecount="0"/>
      <line num="66" count="2" type="cond" truecount="1" falsecount="0"/>
      <line num="67" count="2" type="stmt"/>
      <line num="68" count="5" type="cond" truecount="1" falsecount="0"/>
      <line num="69" count="1" type="cond" truecount="1" falsecount="0"/>
      <line num="70" count="33" type="stmt"/>
      <line num="71" count="33" type="stmt"/>
      <line num="72" count="33" type="stmt"/>
      <line num="73" count="33" type="cond" truecount="0" falsecount="1"/>
      <line num="74" count="0" type="stmt"/>
      <line num="75" count="0" type="stmt"/>
      <line num="76" count="33" type="stmt"/>
      <line num="77" count="33" type="cond" truecount="0" falsecount="1"/>
      <line num="78" count="0" type="stmt"/>
      <line num="79" count="0" type="stmt"/>
      <line num="80" count="1" type="stmt"/>
      <line num="81" count="1" type="stmt"/>
      <line num="82" count="5" type="cond" truecount="1" falsecount="0"/>
      <line num="83" count="1" type="cond" truecount="1" falsecount="0"/>
      <line num="84" count="1" type="stmt"/>
      <line num="85" count="5" type="stmt"/>
      <line num="86" count="5" type="stmt"/>
      <line num="87" count="5" type="stmt"/>
      <line num="88" count="5" type="cond" truecount="1" falsecount="0"/>
      <line num="89" count="1" type="cond" truecount="1" falsecount="0"/>
      <line num="90" count="1" type="stmt"/>
      <line num="91" count="5" type="cond" truecount="1" falsecount="0"/>
      <line num="92" count="2" type="cond" truecount="1" falsecount="0"/>
      <line num="93" count="2" type="stmt"/>
      <line num="94" count="5" type="cond" truecount="1" falsecount="0"/>
      <line num="95" count="1" type="cond" truecount="1" falsecount="0"/>
      <line num="96" count="26" type="stmt"/>
      <line num="97" count="26" type="stmt"/>
      <line num="98" count="26" type="cond" truecount="0" falsecount="1"/>
      <line num="99" count="0" type="stmt"/>
      <line num="100" count="0" type="stmt"/>
      <line num="101" count="1" type="stmt"/>
      <line num="102" count="1" type="stmt"/>
      <line num="103" count="5" type="cond" truecount="1" falsecount="0"/>
      <line num="104" count="1" type="cond" truecount="1" falsecount="0"/>
      <line num="105" count="1" type="stmt"/>
      <line num="106" count="5" type="stmt"/>
      <line num="107" count="5" type="stmt"/>
      <line num="109" count="10" type="cond" truecount="2" falsecount="0"/>
      <line num="111" count="10" type="stmt"/>
      <line num="112" count="10" type="stmt"/>
      <line num="119" count="60" type="stmt"/>
      <line num="120" count="0" type="stmt"/>
      <line num="121" count="0" type="stmt"/>
      <line num="122" count="0" type="stmt"/>
      <line num="123" count="0" type="stmt"/>
      <line num="125" count="60" type="stmt"/>
      <line num="127" count="60" type="stmt"/>
      <line num="148" count="60" type="cond" truecount="1" falsecount="0"/>
      <line num="149" count="10" type="stmt"/>
      <line num="150" count="10" type="cond" truecount="1" falsecount="0"/>
      <line num="151" count="120" type="stmt"/>
      <line num="152" count="120" type="cond" truecount="1" falsecount="0"/>
      <line num="153" count="20" type="stmt"/>
      <line num="154" count="20" type="stmt"/>
      <line num="155" count="10" type="stmt"/>
      <line num="157" count="10" type="stmt"/>
      <line num="158" count="10" type="stmt"/>
      <line num="159" count="10" type="stmt"/>
      <line num="187" count="60" type="cond" truecount="1" falsecount="0"/>
      <line num="188" count="35" type="cond" truecount="0" falsecount="1"/>
      <line num="190" count="0" type="stmt"/>
      <line num="191" count="0" type="stmt"/>
      <line num="193" count="0" type="stmt"/>
      <line num="194" count="0" type="stmt"/>
      <line num="195" count="0" type="stmt"/>
      <line num="196" count="0" type="stmt"/>
      <line num="197" count="0" type="stmt"/>
      <line num="198" count="0" type="stmt"/>
      <line num="199" count="0" type="stmt"/>
      <line num="201" count="0" type="stmt"/>
      <line num="202" count="35" type="stmt"/>
      <line num="204" count="60" type="cond" truecount="1" falsecount="0"/>
      <line num="205" count="25" type="stmt"/>
      <line num="206" count="25" type="stmt"/>
      <line num="208" count="25" type="cond" truecount="0" falsecount="1"/>
      <line num="209" count="0" type="stmt"/>
      <line num="210" count="0" type="stmt"/>
      <line num="212" count="60" type="stmt"/>
      <line num="214" count="60" type="cond" truecount="1" falsecount="0"/>
      <line num="215" count="25" type="stmt"/>
      <line num="216" count="25" type="stmt"/>
      <line num="217" count="25" type="stmt"/>
      <line num="218" count="60" type="stmt"/>
      <line num="220" count="60" type="stmt"/>
      <line num="221" count="60" type="cond" truecount="1" falsecount="0"/>
      <line num="222" count="60" type="stmt"/>
      <line num="223" count="60" type="stmt"/>
      <line num="225" count="60" type="stmt"/>
      <line num="226" count="60" type="stmt"/>
      <line num="227" count="60" type="stmt"/>
      <line num="228" count="60" type="stmt"/>
      <line num="229" count="60" type="stmt"/>
      <line num="230" count="60" type="stmt"/>
      <line num="231" count="60" type="stmt"/>
      <line num="232" count="60" type="stmt"/>
      <line num="233" count="60" type="stmt"/>
      <line num="235" count="60" type="cond" truecount="1" falsecount="0"/>
      <line num="236" count="240" type="stmt"/>
      <line num="237" count="60" type="stmt"/>
      <line num="238" count="60" type="stmt"/>
      <line num="239" count="60" type="stmt"/>
      <line num="240" count="60" type="stmt"/>
      <line num="242" count="60" type="stmt"/>
      <line num="243" count="60" type="stmt"/>
      <line num="244" count="60" type="cond" truecount="1" falsecount="0"/>
      <line num="245" count="60" type="stmt"/>
      <line num="246" count="60" type="stmt"/>
      <line num="248" count="60" type="stmt"/>
      <line num="249" count="60" type="stmt"/>
      <line num="250" count="60" type="stmt"/>
      <line num="251" count="60" type="cond" truecount="1" falsecount="0"/>
      <line num="252" count="300" type="stmt"/>
      <line num="253" count="300" type="stmt"/>
      <line num="254" count="300" type="stmt"/>
      <line num="255" count="300" type="stmt"/>
      <line num="256" count="300" type="stmt"/>
      <line num="258" count="300" type="stmt"/>
      <line num="259" count="300" type="cond" truecount="0" falsecount="1"/>
      <line num="260" count="0" type="stmt"/>
      <line num="261" count="0" type="stmt"/>
      <line num="262" count="0" type="stmt"/>
      <line num="263" count="0" type="stmt"/>
      <line num="264" count="0" type="stmt"/>
      <line num="266" count="0" type="stmt"/>
      <line num="267" count="0" type="stmt"/>
      <line num="268" count="0" type="stmt"/>
      <line num="269" count="0" type="stmt"/>
      <line num="270" count="0" type="stmt"/>
      <line num="272" count="300" type="stmt"/>
      <line num="273" count="300" type="stmt"/>
      <line num="274" count="300" type="stmt"/>
      <line num="275" count="300" type="stmt"/>
      <line num="276" count="300" type="stmt"/>
      <line num="278" count="300" type="stmt"/>
      <line num="279" count="300" type="stmt"/>
      <line num="280" count="300" type="stmt"/>
      <line num="281" count="300" type="stmt"/>
      <line num="282" count="300" type="stmt"/>
      <line num="283" count="300" type="stmt"/>
      <line num="284" count="300" type="cond" truecount="1" falsecount="0"/>
      <line num="285" count="300" type="stmt"/>
      <line num="286" count="300" type="stmt"/>
      <line num="288" count="300" type="stmt"/>
      <line num="289" count="300" type="stmt"/>
      <line num="290" count="300" type="stmt"/>
      <line num="291" count="300" type="stmt"/>
      <line num="292" count="300" type="stmt"/>
      <line num="293" count="300" type="stmt"/>
      <line num="294" count="300" type="stmt"/>
      <line num="295" count="300" type="cond" truecount="1" falsecount="0"/>
      <line num="296" count="300" type="stmt"/>
      <line num="297" count="300" type="stmt"/>
      <line num="299" count="300" type="stmt"/>
      <line num="300" count="300" type="stmt"/>
      <line num="301" count="300" type="stmt"/>
      <line num="302" count="300" type="stmt"/>
      <line num="303" count="300" type="stmt"/>
      <line num="304" count="300" type="stmt"/>
      <line num="306" count="300" type="stmt"/>
      <line num="307" count="300" type="stmt"/>
      <line num="308" count="60" type="stmt"/>
      <line num="309" count="60" type="stmt"/>
      <line num="310" count="60" type="stmt"/>
      <line num="311" count="60" type="stmt"/>
      <line num="312" count="60" type="cond" truecount="1" falsecount="0"/>
      <line num="313" count="345" type="stmt"/>
      <line num="314" count="345" type="stmt"/>
      <line num="315" count="345" type="stmt"/>
      <line num="316" count="345" type="stmt"/>
      <line num="317" count="0" type="stmt"/>
      <line num="318" count="0" type="stmt"/>
      <line num="319" count="0" type="stmt"/>
      <line num="320" count="0" type="stmt"/>
      <line num="321" count="0" type="stmt"/>
      <line num="322" count="345" type="stmt"/>
      <line num="323" count="0" type="stmt"/>
      <line num="324" count="0" type="stmt"/>
      <line num="325" count="0" type="stmt"/>
      <line num="326" count="0" type="stmt"/>
      <line num="327" count="0" type="stmt"/>
      <line num="328" count="345" type="stmt"/>
      <line num="330" count="345" type="cond" truecount="1" falsecount="0"/>
      <line num="331" count="1725" type="stmt"/>
      <line num="332" count="1725" type="stmt"/>
      <line num="333" count="1725" type="stmt"/>
      <line num="334" count="1725" type="stmt"/>
      <line num="335" count="1725" type="stmt"/>
      <line num="337" count="1725" type="cond" truecount="2" falsecount="0"/>
      <line num="338" count="1725" type="stmt"/>
      <line num="339" count="345" type="stmt"/>
      <line num="340" count="345" type="stmt"/>
      <line num="341" count="60" type="stmt"/>
      <line num="342" count="60" type="stmt"/>
      <line num="343" count="60" type="stmt"/>
      <line num="345" count="60" type="stmt"/>
      <line num="346" count="60" type="stmt"/>
      <line num="348" count="60" type="stmt"/>
      <line num="349" count="60" type="stmt"/>
      <line num="350" count="60" type="stmt"/>
      <line num="351" count="60" type="stmt"/>
      <line num="352" count="60" type="stmt"/>
      <line num="353" count="60" type="stmt"/>
      <line num="354" count="60" type="stmt"/>
      <line num="356" count="60" type="stmt"/>
      <line num="358" count="60" type="stmt"/>
      <line num="359" count="0" type="stmt"/>
      <line num="360" count="0" type="stmt"/>
      <line num="361" count="0" type="stmt"/>
      <line num="362" count="0" type="stmt"/>
      <line num="363" count="0" type="stmt"/>
      <line num="364" count="0" type="stmt"/>
      <line num="365" count="0" type="stmt"/>
      <line num="366" count="0" type="stmt"/>
      <line num="367" count="0" type="stmt"/>
      <line num="368" count="0" type="stmt"/>
      <line num="370" count="0" type="stmt"/>
      <line num="371" count="0" type="stmt"/>
      <line num="373" count="0" type="stmt"/>
      <line num="375" count="0" type="stmt"/>
      <line num="377" count="60" type="stmt"/>
      <line num="379" count="60" type="stmt"/>
      <line num="380" count="60" type="stmt"/>
      <line num="381" count="60" type="stmt"/>
      <line num="382" count="60" type="stmt"/>
      <line num="383" count="60" type="stmt"/>
      <line num="384" count="60" type="stmt"/>
      <line num="386" count="60" type="stmt"/>
      <line num="387" count="60" type="stmt"/>
      <line num="388" count="60" type="stmt"/>
      <line num="389" count="60" type="stmt"/>
      <line num="391" count="60" type="stmt"/>
      <line num="393" count="1" type="stmt"/>
    </file>
  </project>
</coverage>
