{"/home/stephane/Documents/GitHub/OC-DA-JS-React/P14_OC_DA_JS_React/react-table-library/src/components/Table/index.tsx": {"path":"/home/stephane/Documents/GitHub/OC-DA-JS-React/P14_OC_DA_JS_React/react-table-library/src/components/Table/index.tsx","all":false,"statementMap":{"0":{"start":{"line":1,"column":0},"end":{"line":1,"column":100}},"24":{"start":{"line":25,"column":0},"end":{"line":25,"column":222}},"26":{"start":{"line":27,"column":0},"end":{"line":27,"column":97}},"27":{"start":{"line":28,"column":0},"end":{"line":28,"column":52}},"28":{"start":{"line":29,"column":0},"end":{"line":29,"column":60}},"29":{"start":{"line":30,"column":0},"end":{"line":30,"column":60}},"30":{"start":{"line":31,"column":0},"end":{"line":31,"column":64}},"31":{"start":{"line":32,"column":0},"end":{"line":32,"column":66}},"32":{"start":{"line":33,"column":0},"end":{"line":33,"column":75}},"35":{"start":{"line":36,"column":0},"end":{"line":36,"column":63}},"36":{"start":{"line":37,"column":0},"end":{"line":37,"column":26}},"38":{"start":{"line":39,"column":0},"end":{"line":39,"column":64}},"39":{"start":{"line":40,"column":0},"end":{"line":40,"column":65}},"41":{"start":{"line":42,"column":0},"end":{"line":42,"column":53}},"55":{"start":{"line":56,"column":0},"end":{"line":56,"column":123}},"56":{"start":{"line":57,"column":0},"end":{"line":57,"column":23}},"58":{"start":{"line":59,"column":0},"end":{"line":59,"column":67}},"59":{"start":{"line":60,"column":0},"end":{"line":60,"column":25}},"60":{"start":{"line":61,"column":0},"end":{"line":61,"column":21}},"61":{"start":{"line":62,"column":0},"end":{"line":62,"column":22}},"62":{"start":{"line":63,"column":0},"end":{"line":63,"column":67}},"63":{"start":{"line":64,"column":0},"end":{"line":64,"column":16}},"64":{"start":{"line":65,"column":0},"end":{"line":65,"column":22}},"65":{"start":{"line":66,"column":0},"end":{"line":66,"column":54}},"66":{"start":{"line":67,"column":0},"end":{"line":67,"column":16}},"67":{"start":{"line":68,"column":0},"end":{"line":68,"column":20}},"68":{"start":{"line":69,"column":0},"end":{"line":69,"column":48}},"69":{"start":{"line":70,"column":0},"end":{"line":70,"column":65}},"70":{"start":{"line":71,"column":0},"end":{"line":71,"column":40}},"71":{"start":{"line":72,"column":0},"end":{"line":72,"column":40}},"72":{"start":{"line":73,"column":0},"end":{"line":73,"column":69}},"73":{"start":{"line":74,"column":0},"end":{"line":74,"column":48}},"74":{"start":{"line":75,"column":0},"end":{"line":75,"column":15}},"75":{"start":{"line":76,"column":0},"end":{"line":76,"column":67}},"76":{"start":{"line":77,"column":0},"end":{"line":77,"column":20}},"77":{"start":{"line":78,"column":0},"end":{"line":78,"column":46}},"78":{"start":{"line":79,"column":0},"end":{"line":79,"column":13}},"79":{"start":{"line":80,"column":0},"end":{"line":80,"column":13}},"80":{"start":{"line":81,"column":0},"end":{"line":81,"column":16}},"81":{"start":{"line":82,"column":0},"end":{"line":82,"column":23}},"82":{"start":{"line":83,"column":0},"end":{"line":83,"column":54}},"83":{"start":{"line":84,"column":0},"end":{"line":84,"column":16}},"84":{"start":{"line":85,"column":0},"end":{"line":85,"column":7}},"85":{"start":{"line":86,"column":0},"end":{"line":86,"column":33}},"86":{"start":{"line":87,"column":0},"end":{"line":87,"column":21}},"87":{"start":{"line":88,"column":0},"end":{"line":88,"column":22}},"88":{"start":{"line":89,"column":0},"end":{"line":89,"column":67}},"89":{"start":{"line":90,"column":0},"end":{"line":90,"column":16}},"90":{"start":{"line":91,"column":0},"end":{"line":91,"column":22}},"91":{"start":{"line":92,"column":0},"end":{"line":92,"column":54}},"92":{"start":{"line":93,"column":0},"end":{"line":93,"column":16}},"93":{"start":{"line":94,"column":0},"end":{"line":94,"column":20}},"94":{"start":{"line":95,"column":0},"end":{"line":95,"column":48}},"95":{"start":{"line":96,"column":0},"end":{"line":96,"column":65}},"96":{"start":{"line":97,"column":0},"end":{"line":97,"column":67}},"97":{"start":{"line":98,"column":0},"end":{"line":98,"column":20}},"98":{"start":{"line":99,"column":0},"end":{"line":99,"column":51}},"99":{"start":{"line":100,"column":0},"end":{"line":100,"column":13}},"100":{"start":{"line":101,"column":0},"end":{"line":101,"column":13}},"101":{"start":{"line":102,"column":0},"end":{"line":102,"column":16}},"102":{"start":{"line":103,"column":0},"end":{"line":103,"column":23}},"103":{"start":{"line":104,"column":0},"end":{"line":104,"column":54}},"104":{"start":{"line":105,"column":0},"end":{"line":105,"column":16}},"105":{"start":{"line":106,"column":0},"end":{"line":106,"column":7}},"106":{"start":{"line":107,"column":0},"end":{"line":107,"column":5}},"108":{"start":{"line":109,"column":0},"end":{"line":109,"column":105}},"110":{"start":{"line":111,"column":0},"end":{"line":111,"column":42}},"111":{"start":{"line":112,"column":0},"end":{"line":112,"column":3}},"118":{"start":{"line":119,"column":0},"end":{"line":119,"column":79}},"119":{"start":{"line":120,"column":0},"end":{"line":120,"column":46}},"120":{"start":{"line":121,"column":0},"end":{"line":121,"column":30}},"121":{"start":{"line":122,"column":0},"end":{"line":122,"column":22}},"122":{"start":{"line":123,"column":0},"end":{"line":123,"column":3}},"124":{"start":{"line":125,"column":0},"end":{"line":125,"column":78}},"126":{"start":{"line":127,"column":0},"end":{"line":127,"column":55}},"147":{"start":{"line":148,"column":0},"end":{"line":148,"column":62}},"148":{"start":{"line":149,"column":0},"end":{"line":149,"column":36}},"149":{"start":{"line":150,"column":0},"end":{"line":150,"column":25}},"150":{"start":{"line":151,"column":0},"end":{"line":151,"column":85}},"151":{"start":{"line":152,"column":0},"end":{"line":152,"column":68}},"152":{"start":{"line":153,"column":0},"end":{"line":153,"column":34}},"153":{"start":{"line":154,"column":0},"end":{"line":154,"column":7}},"154":{"start":{"line":155,"column":0},"end":{"line":155,"column":7}},"156":{"start":{"line":157,"column":0},"end":{"line":157,"column":32}},"157":{"start":{"line":158,"column":0},"end":{"line":158,"column":22}},"158":{"start":{"line":159,"column":0},"end":{"line":159,"column":3}},"186":{"start":{"line":187,"column":0},"end":{"line":187,"column":89}},"187":{"start":{"line":188,"column":0},"end":{"line":188,"column":30}},"189":{"start":{"line":190,"column":0},"end":{"line":190,"column":20}},"190":{"start":{"line":191,"column":0},"end":{"line":191,"column":21}},"192":{"start":{"line":193,"column":0},"end":{"line":193,"column":38}},"193":{"start":{"line":194,"column":0},"end":{"line":194,"column":85}},"194":{"start":{"line":195,"column":0},"end":{"line":195,"column":22}},"195":{"start":{"line":196,"column":0},"end":{"line":196,"column":74}},"196":{"start":{"line":197,"column":0},"end":{"line":197,"column":26}},"197":{"start":{"line":198,"column":0},"end":{"line":198,"column":7}},"198":{"start":{"line":199,"column":0},"end":{"line":199,"column":5}},"200":{"start":{"line":201,"column":0},"end":{"line":201,"column":78}},"201":{"start":{"line":202,"column":0},"end":{"line":202,"column":3}},"203":{"start":{"line":204,"column":0},"end":{"line":204,"column":19}},"204":{"start":{"line":205,"column":0},"end":{"line":205,"column":68}},"205":{"start":{"line":206,"column":0},"end":{"line":206,"column":35}},"207":{"start":{"line":208,"column":0},"end":{"line":208,"column":39}},"208":{"start":{"line":209,"column":0},"end":{"line":209,"column":62}},"209":{"start":{"line":210,"column":0},"end":{"line":210,"column":5}},"211":{"start":{"line":212,"column":0},"end":{"line":212,"column":37}},"213":{"start":{"line":214,"column":0},"end":{"line":214,"column":19}},"214":{"start":{"line":215,"column":0},"end":{"line":215,"column":56}},"215":{"start":{"line":216,"column":0},"end":{"line":216,"column":47}},"216":{"start":{"line":217,"column":0},"end":{"line":217,"column":59}},"217":{"start":{"line":218,"column":0},"end":{"line":218,"column":42}},"219":{"start":{"line":220,"column":0},"end":{"line":220,"column":31}},"220":{"start":{"line":221,"column":0},"end":{"line":221,"column":57}},"221":{"start":{"line":222,"column":0},"end":{"line":222,"column":30}},"222":{"start":{"line":223,"column":0},"end":{"line":223,"column":4}},"224":{"start":{"line":225,"column":0},"end":{"line":225,"column":10}},"225":{"start":{"line":226,"column":0},"end":{"line":226,"column":9}},"226":{"start":{"line":227,"column":0},"end":{"line":227,"column":56}},"227":{"start":{"line":228,"column":0},"end":{"line":228,"column":13}},"228":{"start":{"line":229,"column":0},"end":{"line":229,"column":17}},"229":{"start":{"line":230,"column":0},"end":{"line":230,"column":31}},"230":{"start":{"line":231,"column":0},"end":{"line":231,"column":29}},"231":{"start":{"line":232,"column":0},"end":{"line":232,"column":51}},"232":{"start":{"line":233,"column":0},"end":{"line":233,"column":66}},"234":{"start":{"line":235,"column":0},"end":{"line":235,"column":59}},"235":{"start":{"line":236,"column":0},"end":{"line":236,"column":66}},"236":{"start":{"line":237,"column":0},"end":{"line":237,"column":15}},"237":{"start":{"line":238,"column":0},"end":{"line":238,"column":19}},"238":{"start":{"line":239,"column":0},"end":{"line":239,"column":65}},"239":{"start":{"line":240,"column":0},"end":{"line":240,"column":14}},"241":{"start":{"line":242,"column":0},"end":{"line":242,"column":13}},"242":{"start":{"line":243,"column":0},"end":{"line":243,"column":48}},"243":{"start":{"line":244,"column":0},"end":{"line":244,"column":166}},"244":{"start":{"line":245,"column":0},"end":{"line":245,"column":14}},"245":{"start":{"line":246,"column":0},"end":{"line":246,"column":12}},"247":{"start":{"line":248,"column":0},"end":{"line":248,"column":45}},"248":{"start":{"line":249,"column":0},"end":{"line":249,"column":15}},"249":{"start":{"line":250,"column":0},"end":{"line":250,"column":54}},"250":{"start":{"line":251,"column":0},"end":{"line":251,"column":42}},"251":{"start":{"line":252,"column":0},"end":{"line":252,"column":18}},"252":{"start":{"line":253,"column":0},"end":{"line":253,"column":27}},"253":{"start":{"line":254,"column":0},"end":{"line":254,"column":35}},"254":{"start":{"line":255,"column":0},"end":{"line":255,"column":61}},"255":{"start":{"line":256,"column":0},"end":{"line":256,"column":163}},"257":{"start":{"line":258,"column":0},"end":{"line":258,"column":67}},"258":{"start":{"line":259,"column":0},"end":{"line":259,"column":53}},"259":{"start":{"line":260,"column":0},"end":{"line":260,"column":66}},"260":{"start":{"line":261,"column":0},"end":{"line":261,"column":118}},"261":{"start":{"line":262,"column":0},"end":{"line":262,"column":28}},"262":{"start":{"line":263,"column":0},"end":{"line":263,"column":35}},"263":{"start":{"line":264,"column":0},"end":{"line":264,"column":80}},"265":{"start":{"line":266,"column":0},"end":{"line":266,"column":48}},"266":{"start":{"line":267,"column":0},"end":{"line":267,"column":33}},"267":{"start":{"line":268,"column":0},"end":{"line":268,"column":63}},"268":{"start":{"line":269,"column":0},"end":{"line":269,"column":24}},"269":{"start":{"line":270,"column":0},"end":{"line":270,"column":26}},"271":{"start":{"line":272,"column":0},"end":{"line":272,"column":73}},"272":{"start":{"line":273,"column":0},"end":{"line":273,"column":24}},"273":{"start":{"line":274,"column":0},"end":{"line":274,"column":43}},"274":{"start":{"line":275,"column":0},"end":{"line":275,"column":62}},"275":{"start":{"line":276,"column":0},"end":{"line":276,"column":93}},"277":{"start":{"line":278,"column":0},"end":{"line":278,"column":41}},"278":{"start":{"line":279,"column":0},"end":{"line":279,"column":26}},"279":{"start":{"line":280,"column":0},"end":{"line":280,"column":59}},"280":{"start":{"line":281,"column":0},"end":{"line":281,"column":31}},"281":{"start":{"line":282,"column":0},"end":{"line":282,"column":39}},"282":{"start":{"line":283,"column":0},"end":{"line":283,"column":53}},"283":{"start":{"line":284,"column":0},"end":{"line":284,"column":87}},"284":{"start":{"line":285,"column":0},"end":{"line":285,"column":52}},"285":{"start":{"line":286,"column":0},"end":{"line":286,"column":39}},"287":{"start":{"line":288,"column":0},"end":{"line":288,"column":133}},"288":{"start":{"line":289,"column":0},"end":{"line":289,"column":129}},"289":{"start":{"line":290,"column":0},"end":{"line":290,"column":32}},"290":{"start":{"line":291,"column":0},"end":{"line":291,"column":33}},"291":{"start":{"line":292,"column":0},"end":{"line":292,"column":31}},"292":{"start":{"line":293,"column":0},"end":{"line":293,"column":39}},"293":{"start":{"line":294,"column":0},"end":{"line":294,"column":54}},"294":{"start":{"line":295,"column":0},"end":{"line":295,"column":88}},"295":{"start":{"line":296,"column":0},"end":{"line":296,"column":52}},"296":{"start":{"line":297,"column":0},"end":{"line":297,"column":39}},"298":{"start":{"line":299,"column":0},"end":{"line":299,"column":156}},"299":{"start":{"line":300,"column":0},"end":{"line":300,"column":129}},"300":{"start":{"line":301,"column":0},"end":{"line":301,"column":32}},"301":{"start":{"line":302,"column":0},"end":{"line":302,"column":33}},"302":{"start":{"line":303,"column":0},"end":{"line":303,"column":28}},"303":{"start":{"line":304,"column":0},"end":{"line":304,"column":26}},"305":{"start":{"line":306,"column":0},"end":{"line":306,"column":22}},"306":{"start":{"line":307,"column":0},"end":{"line":307,"column":19}},"307":{"start":{"line":308,"column":0},"end":{"line":308,"column":15}},"308":{"start":{"line":309,"column":0},"end":{"line":309,"column":15}},"309":{"start":{"line":310,"column":0},"end":{"line":310,"column":16}},"310":{"start":{"line":311,"column":0},"end":{"line":311,"column":34}},"311":{"start":{"line":312,"column":0},"end":{"line":312,"column":73}},"312":{"start":{"line":313,"column":0},"end":{"line":313,"column":15}},"313":{"start":{"line":314,"column":0},"end":{"line":314,"column":28}},"314":{"start":{"line":315,"column":0},"end":{"line":315,"column":24}},"315":{"start":{"line":316,"column":0},"end":{"line":316,"column":35}},"316":{"start":{"line":317,"column":0},"end":{"line":317,"column":35}},"317":{"start":{"line":318,"column":0},"end":{"line":318,"column":33}},"318":{"start":{"line":319,"column":0},"end":{"line":319,"column":34}},"319":{"start":{"line":320,"column":0},"end":{"line":320,"column":17}},"320":{"start":{"line":321,"column":0},"end":{"line":321,"column":16}},"321":{"start":{"line":322,"column":0},"end":{"line":322,"column":35}},"322":{"start":{"line":323,"column":0},"end":{"line":323,"column":36}},"323":{"start":{"line":324,"column":0},"end":{"line":324,"column":33}},"324":{"start":{"line":325,"column":0},"end":{"line":325,"column":35}},"325":{"start":{"line":326,"column":0},"end":{"line":326,"column":17}},"326":{"start":{"line":327,"column":0},"end":{"line":327,"column":16}},"327":{"start":{"line":328,"column":0},"end":{"line":328,"column":39}},"329":{"start":{"line":330,"column":0},"end":{"line":330,"column":50}},"330":{"start":{"line":331,"column":0},"end":{"line":331,"column":43}},"331":{"start":{"line":332,"column":0},"end":{"line":332,"column":32}},"332":{"start":{"line":333,"column":0},"end":{"line":333,"column":29}},"333":{"start":{"line":334,"column":0},"end":{"line":334,"column":67}},"334":{"start":{"line":335,"column":0},"end":{"line":335,"column":63}},"336":{"start":{"line":337,"column":0},"end":{"line":337,"column":133}},"337":{"start":{"line":338,"column":0},"end":{"line":338,"column":21}},"338":{"start":{"line":339,"column":0},"end":{"line":339,"column":17}},"339":{"start":{"line":340,"column":0},"end":{"line":340,"column":17}},"340":{"start":{"line":341,"column":0},"end":{"line":341,"column":13}},"341":{"start":{"line":342,"column":0},"end":{"line":342,"column":16}},"342":{"start":{"line":343,"column":0},"end":{"line":343,"column":14}},"344":{"start":{"line":345,"column":0},"end":{"line":345,"column":49}},"345":{"start":{"line":346,"column":0},"end":{"line":346,"column":155}},"347":{"start":{"line":348,"column":0},"end":{"line":348,"column":49}},"348":{"start":{"line":349,"column":0},"end":{"line":349,"column":17}},"349":{"start":{"line":350,"column":0},"end":{"line":350,"column":59}},"350":{"start":{"line":351,"column":0},"end":{"line":351,"column":40}},"351":{"start":{"line":352,"column":0},"end":{"line":352,"column":96}},"352":{"start":{"line":353,"column":0},"end":{"line":353,"column":38}},"353":{"start":{"line":354,"column":0},"end":{"line":354,"column":11}},"355":{"start":{"line":356,"column":0},"end":{"line":356,"column":19}},"357":{"start":{"line":358,"column":0},"end":{"line":358,"column":44}},"358":{"start":{"line":359,"column":0},"end":{"line":359,"column":40}},"359":{"start":{"line":360,"column":0},"end":{"line":360,"column":21}},"360":{"start":{"line":361,"column":0},"end":{"line":361,"column":27}},"361":{"start":{"line":362,"column":0},"end":{"line":362,"column":52}},"362":{"start":{"line":363,"column":0},"end":{"line":363,"column":48}},"363":{"start":{"line":364,"column":0},"end":{"line":364,"column":38}},"364":{"start":{"line":365,"column":0},"end":{"line":365,"column":46}},"365":{"start":{"line":366,"column":0},"end":{"line":366,"column":48}},"366":{"start":{"line":367,"column":0},"end":{"line":367,"column":19}},"367":{"start":{"line":368,"column":0},"end":{"line":368,"column":72}},"369":{"start":{"line":370,"column":0},"end":{"line":370,"column":22}},"370":{"start":{"line":371,"column":0},"end":{"line":371,"column":23}},"372":{"start":{"line":373,"column":0},"end":{"line":373,"column":49}},"374":{"start":{"line":375,"column":0},"end":{"line":375,"column":21}},"376":{"start":{"line":377,"column":0},"end":{"line":377,"column":12}},"378":{"start":{"line":379,"column":0},"end":{"line":379,"column":17}},"379":{"start":{"line":380,"column":0},"end":{"line":380,"column":59}},"380":{"start":{"line":381,"column":0},"end":{"line":381,"column":50}},"381":{"start":{"line":382,"column":0},"end":{"line":382,"column":96}},"382":{"start":{"line":383,"column":0},"end":{"line":383,"column":34}},"383":{"start":{"line":384,"column":0},"end":{"line":384,"column":11}},"385":{"start":{"line":386,"column":0},"end":{"line":386,"column":19}},"386":{"start":{"line":387,"column":0},"end":{"line":387,"column":14}},"387":{"start":{"line":388,"column":0},"end":{"line":388,"column":12}},"388":{"start":{"line":389,"column":0},"end":{"line":389,"column":10}},"390":{"start":{"line":391,"column":0},"end":{"line":391,"column":1}},"392":{"start":{"line":393,"column":0},"end":{"line":393,"column":21}}},"s":{"0":1,"24":60,"26":60,"27":60,"28":60,"29":60,"30":60,"31":60,"32":60,"35":60,"36":60,"38":60,"39":60,"41":60,"55":60,"56":10,"58":10,"59":10,"60":5,"61":5,"62":1,"63":1,"64":5,"65":2,"66":2,"67":5,"68":1,"69":33,"70":33,"71":33,"72":33,"73":0,"74":0,"75":33,"76":33,"77":0,"78":0,"79":1,"80":1,"81":5,"82":1,"83":1,"84":5,"85":5,"86":5,"87":5,"88":1,"89":1,"90":5,"91":2,"92":2,"93":5,"94":1,"95":26,"96":26,"97":26,"98":0,"99":0,"100":1,"101":1,"102":5,"103":1,"104":1,"105":5,"106":5,"108":10,"110":10,"111":10,"118":60,"119":0,"120":0,"121":0,"122":0,"124":60,"126":60,"147":60,"148":10,"149":10,"150":120,"151":120,"152":20,"153":20,"154":10,"156":10,"157":10,"158":10,"186":60,"187":35,"189":0,"190":0,"192":0,"193":0,"194":0,"195":0,"196":0,"197":0,"198":0,"200":0,"201":35,"203":60,"204":25,"205":25,"207":25,"208":0,"209":0,"211":60,"213":60,"214":25,"215":25,"216":25,"217":60,"219":60,"220":60,"221":60,"222":60,"224":60,"225":60,"226":60,"227":60,"228":60,"229":60,"230":60,"231":60,"232":60,"234":60,"235":240,"236":60,"237":60,"238":60,"239":60,"241":60,"242":60,"243":60,"244":60,"245":60,"247":60,"248":60,"249":60,"250":60,"251":300,"252":300,"253":300,"254":300,"255":300,"257":300,"258":300,"259":0,"260":0,"261":0,"262":0,"263":0,"265":0,"266":0,"267":0,"268":0,"269":0,"271":300,"272":300,"273":300,"274":300,"275":300,"277":300,"278":300,"279":300,"280":300,"281":300,"282":300,"283":300,"284":300,"285":300,"287":300,"288":300,"289":300,"290":300,"291":300,"292":300,"293":300,"294":300,"295":300,"296":300,"298":300,"299":300,"300":300,"301":300,"302":300,"303":300,"305":300,"306":300,"307":60,"308":60,"309":60,"310":60,"311":60,"312":345,"313":345,"314":345,"315":345,"316":0,"317":0,"318":0,"319":0,"320":0,"321":345,"322":0,"323":0,"324":0,"325":0,"326":0,"327":345,"329":345,"330":1725,"331":1725,"332":1725,"333":1725,"334":1725,"336":1725,"337":1725,"338":345,"339":345,"340":60,"341":60,"342":60,"344":60,"345":60,"347":60,"348":60,"349":60,"350":60,"351":60,"352":60,"353":60,"355":60,"357":60,"358":0,"359":0,"360":0,"361":0,"362":0,"363":0,"364":0,"365":0,"366":0,"367":0,"369":0,"370":0,"372":0,"374":0,"376":60,"378":60,"379":60,"380":60,"381":60,"382":60,"383":60,"385":60,"386":60,"387":60,"388":60,"390":60,"392":1},"branchMap":{"0":{"type":"branch","line":25,"loc":{"start":{"line":25,"column":0},"end":{"line":391,"column":1}},"locations":[{"start":{"line":25,"column":0},"end":{"line":391,"column":1}}]},"1":{"type":"branch","line":56,"loc":{"start":{"line":56,"column":21},"end":{"line":112,"column":3}},"locations":[{"start":{"line":56,"column":21},"end":{"line":112,"column":3}}]},"2":{"type":"branch","line":60,"loc":{"start":{"line":60,"column":24},"end":{"line":107,"column":5}},"locations":[{"start":{"line":60,"column":24},"end":{"line":107,"column":5}}]},"3":{"type":"branch","line":62,"loc":{"start":{"line":62,"column":8},"end":{"line":64,"column":16}},"locations":[{"start":{"line":62,"column":8},"end":{"line":64,"column":16}}]},"4":{"type":"branch","line":65,"loc":{"start":{"line":65,"column":8},"end":{"line":67,"column":16}},"locations":[{"start":{"line":65,"column":8},"end":{"line":67,"column":16}}]},"5":{"type":"branch","line":68,"loc":{"start":{"line":68,"column":8},"end":{"line":81,"column":16}},"locations":[{"start":{"line":68,"column":8},"end":{"line":81,"column":16}}]},"6":{"type":"branch","line":82,"loc":{"start":{"line":82,"column":8},"end":{"line":84,"column":16}},"locations":[{"start":{"line":82,"column":8},"end":{"line":84,"column":16}}]},"7":{"type":"branch","line":88,"loc":{"start":{"line":88,"column":8},"end":{"line":90,"column":16}},"locations":[{"start":{"line":88,"column":8},"end":{"line":90,"column":16}}]},"8":{"type":"branch","line":91,"loc":{"start":{"line":91,"column":8},"end":{"line":93,"column":16}},"locations":[{"start":{"line":91,"column":8},"end":{"line":93,"column":16}}]},"9":{"type":"branch","line":94,"loc":{"start":{"line":94,"column":8},"end":{"line":102,"column":16}},"locations":[{"start":{"line":94,"column":8},"end":{"line":102,"column":16}}]},"10":{"type":"branch","line":103,"loc":{"start":{"line":103,"column":8},"end":{"line":105,"column":16}},"locations":[{"start":{"line":103,"column":8},"end":{"line":105,"column":16}}]},"11":{"type":"branch","line":59,"loc":{"start":{"line":59,"column":43},"end":{"line":59,"column":65}},"locations":[{"start":{"line":59,"column":43},"end":{"line":59,"column":65}}]},"12":{"type":"branch","line":63,"loc":{"start":{"line":63,"column":37},"end":{"line":63,"column":65}},"locations":[{"start":{"line":63,"column":37},"end":{"line":63,"column":65}}]},"13":{"type":"branch","line":66,"loc":{"start":{"line":66,"column":37},"end":{"line":66,"column":52}},"locations":[{"start":{"line":66,"column":37},"end":{"line":66,"column":52}}]},"14":{"type":"branch","line":69,"loc":{"start":{"line":69,"column":37},"end":{"line":80,"column":11}},"locations":[{"start":{"line":69,"column":37},"end":{"line":80,"column":11}}]},"15":{"type":"branch","line":73,"loc":{"start":{"line":73,"column":68},"end":{"line":75,"column":15}},"locations":[{"start":{"line":73,"column":68},"end":{"line":75,"column":15}}]},"16":{"type":"branch","line":77,"loc":{"start":{"line":77,"column":12},"end":{"line":79,"column":13}},"locations":[{"start":{"line":77,"column":12},"end":{"line":79,"column":13}}]},"17":{"type":"branch","line":83,"loc":{"start":{"line":83,"column":37},"end":{"line":83,"column":52}},"locations":[{"start":{"line":83,"column":37},"end":{"line":83,"column":52}}]},"18":{"type":"branch","line":89,"loc":{"start":{"line":89,"column":37},"end":{"line":89,"column":65}},"locations":[{"start":{"line":89,"column":37},"end":{"line":89,"column":65}}]},"19":{"type":"branch","line":92,"loc":{"start":{"line":92,"column":37},"end":{"line":92,"column":52}},"locations":[{"start":{"line":92,"column":37},"end":{"line":92,"column":52}}]},"20":{"type":"branch","line":95,"loc":{"start":{"line":95,"column":37},"end":{"line":101,"column":11}},"locations":[{"start":{"line":95,"column":37},"end":{"line":101,"column":11}}]},"21":{"type":"branch","line":98,"loc":{"start":{"line":98,"column":12},"end":{"line":100,"column":13}},"locations":[{"start":{"line":98,"column":12},"end":{"line":100,"column":13}}]},"22":{"type":"branch","line":104,"loc":{"start":{"line":104,"column":37},"end":{"line":104,"column":52}},"locations":[{"start":{"line":104,"column":37},"end":{"line":104,"column":52}}]},"23":{"type":"branch","line":109,"loc":{"start":{"line":109,"column":49},"end":{"line":109,"column":103}},"locations":[{"start":{"line":109,"column":49},"end":{"line":109,"column":103}}]},"24":{"type":"branch","line":109,"loc":{"start":{"line":109,"column":70},"end":{"line":109,"column":102}},"locations":[{"start":{"line":109,"column":70},"end":{"line":109,"column":102}}]},"25":{"type":"branch","line":148,"loc":{"start":{"line":148,"column":23},"end":{"line":159,"column":3}},"locations":[{"start":{"line":148,"column":23},"end":{"line":159,"column":3}}]},"26":{"type":"branch","line":150,"loc":{"start":{"line":150,"column":17},"end":{"line":155,"column":5}},"locations":[{"start":{"line":150,"column":17},"end":{"line":155,"column":5}}]},"27":{"type":"branch","line":152,"loc":{"start":{"line":152,"column":67},"end":{"line":154,"column":7}},"locations":[{"start":{"line":152,"column":67},"end":{"line":154,"column":7}}]},"28":{"type":"branch","line":187,"loc":{"start":{"line":187,"column":31},"end":{"line":202,"column":3}},"locations":[{"start":{"line":187,"column":31},"end":{"line":202,"column":3}}]},"29":{"type":"branch","line":188,"loc":{"start":{"line":188,"column":28},"end":{"line":201,"column":78}},"locations":[{"start":{"line":188,"column":28},"end":{"line":201,"column":78}}]},"30":{"type":"branch","line":204,"loc":{"start":{"line":204,"column":12},"end":{"line":212,"column":5}},"locations":[{"start":{"line":204,"column":12},"end":{"line":212,"column":5}}]},"31":{"type":"branch","line":208,"loc":{"start":{"line":208,"column":38},"end":{"line":210,"column":5}},"locations":[{"start":{"line":208,"column":38},"end":{"line":210,"column":5}}]},"32":{"type":"branch","line":214,"loc":{"start":{"line":214,"column":12},"end":{"line":218,"column":5}},"locations":[{"start":{"line":214,"column":12},"end":{"line":218,"column":5}}]},"33":{"type":"branch","line":221,"loc":{"start":{"line":221,"column":4},"end":{"line":221,"column":57}},"locations":[{"start":{"line":221,"column":4},"end":{"line":221,"column":57}}]},"34":{"type":"branch","line":235,"loc":{"start":{"line":235,"column":39},"end":{"line":236,"column":66}},"locations":[{"start":{"line":235,"column":39},"end":{"line":236,"column":66}}]},"35":{"type":"branch","line":244,"loc":{"start":{"line":244,"column":141},"end":{"line":244,"column":164}},"locations":[{"start":{"line":244,"column":141},"end":{"line":244,"column":164}}]},"36":{"type":"branch","line":251,"loc":{"start":{"line":251,"column":25},"end":{"line":307,"column":19}},"locations":[{"start":{"line":251,"column":25},"end":{"line":307,"column":19}}]},"37":{"type":"branch","line":259,"loc":{"start":{"line":259,"column":41},"end":{"line":270,"column":26}},"locations":[{"start":{"line":259,"column":41},"end":{"line":270,"column":26}}]},"38":{"type":"branch","line":284,"loc":{"start":{"line":284,"column":35},"end":{"line":284,"column":87}},"locations":[{"start":{"line":284,"column":35},"end":{"line":284,"column":87}}]},"39":{"type":"branch","line":295,"loc":{"start":{"line":295,"column":35},"end":{"line":295,"column":88}},"locations":[{"start":{"line":295,"column":35},"end":{"line":295,"column":88}}]},"40":{"type":"branch","line":312,"loc":{"start":{"line":312,"column":31},"end":{"line":340,"column":17}},"locations":[{"start":{"line":312,"column":31},"end":{"line":340,"column":17}}]},"41":{"type":"branch","line":330,"loc":{"start":{"line":330,"column":27},"end":{"line":338,"column":21}},"locations":[{"start":{"line":330,"column":27},"end":{"line":338,"column":21}}]},"42":{"type":"branch","line":337,"loc":{"start":{"line":337,"column":37},"end":{"line":337,"column":99}},"locations":[{"start":{"line":337,"column":37},"end":{"line":337,"column":99}}]},"43":{"type":"branch","line":337,"loc":{"start":{"line":337,"column":95},"end":{"line":337,"column":133}},"locations":[{"start":{"line":337,"column":95},"end":{"line":337,"column":133}}]}},"b":{"0":[60],"1":[10],"2":[5],"3":[1],"4":[2],"5":[1],"6":[1],"7":[1],"8":[2],"9":[1],"10":[1],"11":[120],"12":[29],"13":[38],"14":[33],"15":[0],"16":[0],"17":[26],"18":[27],"19":[44],"20":[26],"21":[0],"22":[28],"23":[120],"24":[652],"25":[10],"26":[120],"27":[20],"28":[35],"29":[0],"30":[25],"31":[0],"32":[25],"33":[35],"34":[240],"35":[10],"36":[300],"37":[0],"38":[5],"39":[5],"40":[345],"41":[1725],"42":[345],"43":[1380]},"fnMap":{"0":{"name":"Table","decl":{"start":{"line":25,"column":0},"end":{"line":391,"column":1}},"loc":{"start":{"line":25,"column":0},"end":{"line":391,"column":1}},"line":25},"1":{"name":"handleSort","decl":{"start":{"line":56,"column":21},"end":{"line":112,"column":3}},"loc":{"start":{"line":56,"column":21},"end":{"line":112,"column":3}},"line":56},"2":{"name":"handleDisplayedEntriesChange","decl":{"start":{"line":119,"column":39},"end":{"line":123,"column":3}},"loc":{"start":{"line":119,"column":39},"end":{"line":123,"column":3}},"line":119},"3":{"name":"handleHeaderClick","decl":{"start":{"line":125,"column":28},"end":{"line":125,"column":78}},"loc":{"start":{"line":125,"column":28},"end":{"line":125,"column":78}},"line":125},"4":{"name":"handleInputBlur","decl":{"start":{"line":127,"column":26},"end":{"line":127,"column":55}},"loc":{"start":{"line":127,"column":26},"end":{"line":127,"column":55}},"line":127},"5":{"name":"handleSearch","decl":{"start":{"line":148,"column":23},"end":{"line":159,"column":3}},"loc":{"start":{"line":148,"column":23},"end":{"line":159,"column":3}},"line":148},"6":{"name":"generatePagesNumbers","decl":{"start":{"line":187,"column":31},"end":{"line":202,"column":3}},"loc":{"start":{"line":187,"column":31},"end":{"line":202,"column":3}},"line":187},"7":{"name":"onChange","decl":{"start":{"line":244,"column":141},"end":{"line":244,"column":164}},"loc":{"start":{"line":244,"column":141},"end":{"line":244,"column":164}},"line":244},"8":{"name":"onClick","decl":{"start":{"line":276,"column":33},"end":{"line":276,"column":93}},"loc":{"start":{"line":276,"column":33},"end":{"line":276,"column":93}},"line":276},"9":{"name":"onClick","decl":{"start":{"line":284,"column":35},"end":{"line":284,"column":87}},"loc":{"start":{"line":284,"column":35},"end":{"line":284,"column":87}},"line":284},"10":{"name":"onClick","decl":{"start":{"line":295,"column":35},"end":{"line":295,"column":88}},"loc":{"start":{"line":295,"column":35},"end":{"line":295,"column":88}},"line":295},"11":{"name":"onMouseEnter","decl":{"start":{"line":316,"column":28},"end":{"line":321,"column":16}},"loc":{"start":{"line":316,"column":28},"end":{"line":321,"column":16}},"line":316},"12":{"name":"onMouseLeave","decl":{"start":{"line":322,"column":28},"end":{"line":327,"column":16}},"loc":{"start":{"line":322,"column":28},"end":{"line":327,"column":16}},"line":322},"13":{"name":"onClick","decl":{"start":{"line":350,"column":21},"end":{"line":350,"column":59}},"loc":{"start":{"line":350,"column":21},"end":{"line":350,"column":59}},"line":350},"14":{"name":"onClick","decl":{"start":{"line":380,"column":21},"end":{"line":380,"column":59}},"loc":{"start":{"line":380,"column":21},"end":{"line":380,"column":59}},"line":380}},"f":{"0":60,"1":10,"2":0,"3":0,"4":0,"5":10,"6":35,"7":10,"8":0,"9":5,"10":5,"11":0,"12":0,"13":0,"14":0}}
}
