{"/home/stephane/Documents/GitHub/OC-DA-JS-React/P14_OC_DA_JS_React/react-table-library/src/components/Table/index.tsx": {"path":"/home/stephane/Documents/GitHub/OC-DA-JS-React/P14_OC_DA_JS_React/react-table-library/src/components/Table/index.tsx","all":false,"statementMap":{"0":{"start":{"line":1,"column":0},"end":{"line":1,"column":100}},"24":{"start":{"line":25,"column":0},"end":{"line":25,"column":222}},"26":{"start":{"line":27,"column":0},"end":{"line":27,"column":97}},"27":{"start":{"line":28,"column":0},"end":{"line":28,"column":52}},"28":{"start":{"line":29,"column":0},"end":{"line":29,"column":60}},"29":{"start":{"line":30,"column":0},"end":{"line":30,"column":60}},"30":{"start":{"line":31,"column":0},"end":{"line":31,"column":66}},"32":{"start":{"line":33,"column":0},"end":{"line":33,"column":63}},"33":{"start":{"line":34,"column":0},"end":{"line":34,"column":26}},"35":{"start":{"line":36,"column":0},"end":{"line":36,"column":64}},"36":{"start":{"line":37,"column":0},"end":{"line":37,"column":65}},"38":{"start":{"line":39,"column":0},"end":{"line":39,"column":53}},"52":{"start":{"line":53,"column":0},"end":{"line":53,"column":123}},"53":{"start":{"line":54,"column":0},"end":{"line":54,"column":23}},"55":{"start":{"line":56,"column":0},"end":{"line":56,"column":67}},"56":{"start":{"line":57,"column":0},"end":{"line":57,"column":25}},"57":{"start":{"line":58,"column":0},"end":{"line":58,"column":21}},"58":{"start":{"line":59,"column":0},"end":{"line":59,"column":22}},"59":{"start":{"line":60,"column":0},"end":{"line":60,"column":67}},"60":{"start":{"line":61,"column":0},"end":{"line":61,"column":16}},"61":{"start":{"line":62,"column":0},"end":{"line":62,"column":22}},"62":{"start":{"line":63,"column":0},"end":{"line":63,"column":54}},"63":{"start":{"line":64,"column":0},"end":{"line":64,"column":16}},"64":{"start":{"line":65,"column":0},"end":{"line":65,"column":20}},"65":{"start":{"line":66,"column":0},"end":{"line":66,"column":48}},"66":{"start":{"line":67,"column":0},"end":{"line":67,"column":65}},"67":{"start":{"line":68,"column":0},"end":{"line":68,"column":40}},"68":{"start":{"line":69,"column":0},"end":{"line":69,"column":40}},"69":{"start":{"line":70,"column":0},"end":{"line":70,"column":69}},"70":{"start":{"line":71,"column":0},"end":{"line":71,"column":46}},"71":{"start":{"line":72,"column":0},"end":{"line":72,"column":25}},"72":{"start":{"line":73,"column":0},"end":{"line":73,"column":15}},"73":{"start":{"line":74,"column":0},"end":{"line":74,"column":67}},"74":{"start":{"line":75,"column":0},"end":{"line":75,"column":20}},"75":{"start":{"line":76,"column":0},"end":{"line":76,"column":44}},"76":{"start":{"line":77,"column":0},"end":{"line":77,"column":23}},"77":{"start":{"line":78,"column":0},"end":{"line":78,"column":13}},"78":{"start":{"line":79,"column":0},"end":{"line":79,"column":13}},"79":{"start":{"line":80,"column":0},"end":{"line":80,"column":16}},"80":{"start":{"line":81,"column":0},"end":{"line":81,"column":23}},"81":{"start":{"line":82,"column":0},"end":{"line":82,"column":54}},"82":{"start":{"line":83,"column":0},"end":{"line":83,"column":16}},"83":{"start":{"line":84,"column":0},"end":{"line":84,"column":7}},"84":{"start":{"line":85,"column":0},"end":{"line":85,"column":33}},"85":{"start":{"line":86,"column":0},"end":{"line":86,"column":21}},"86":{"start":{"line":87,"column":0},"end":{"line":87,"column":22}},"87":{"start":{"line":88,"column":0},"end":{"line":88,"column":67}},"88":{"start":{"line":89,"column":0},"end":{"line":89,"column":16}},"89":{"start":{"line":90,"column":0},"end":{"line":90,"column":22}},"90":{"start":{"line":91,"column":0},"end":{"line":91,"column":54}},"91":{"start":{"line":92,"column":0},"end":{"line":92,"column":16}},"92":{"start":{"line":93,"column":0},"end":{"line":93,"column":20}},"93":{"start":{"line":94,"column":0},"end":{"line":94,"column":48}},"94":{"start":{"line":95,"column":0},"end":{"line":95,"column":65}},"95":{"start":{"line":96,"column":0},"end":{"line":96,"column":67}},"96":{"start":{"line":97,"column":0},"end":{"line":97,"column":20}},"97":{"start":{"line":98,"column":0},"end":{"line":98,"column":51}},"98":{"start":{"line":99,"column":0},"end":{"line":99,"column":13}},"99":{"start":{"line":100,"column":0},"end":{"line":100,"column":13}},"100":{"start":{"line":101,"column":0},"end":{"line":101,"column":16}},"101":{"start":{"line":102,"column":0},"end":{"line":102,"column":23}},"102":{"start":{"line":103,"column":0},"end":{"line":103,"column":54}},"103":{"start":{"line":104,"column":0},"end":{"line":104,"column":16}},"104":{"start":{"line":105,"column":0},"end":{"line":105,"column":7}},"105":{"start":{"line":106,"column":0},"end":{"line":106,"column":5}},"107":{"start":{"line":108,"column":0},"end":{"line":108,"column":105}},"109":{"start":{"line":110,"column":0},"end":{"line":110,"column":42}},"110":{"start":{"line":111,"column":0},"end":{"line":111,"column":3}},"117":{"start":{"line":118,"column":0},"end":{"line":118,"column":79}},"118":{"start":{"line":119,"column":0},"end":{"line":119,"column":46}},"119":{"start":{"line":120,"column":0},"end":{"line":120,"column":30}},"120":{"start":{"line":121,"column":0},"end":{"line":121,"column":22}},"121":{"start":{"line":122,"column":0},"end":{"line":122,"column":3}},"133":{"start":{"line":134,"column":0},"end":{"line":134,"column":62}},"134":{"start":{"line":135,"column":0},"end":{"line":135,"column":36}},"135":{"start":{"line":136,"column":0},"end":{"line":136,"column":25}},"136":{"start":{"line":137,"column":0},"end":{"line":137,"column":85}},"137":{"start":{"line":138,"column":0},"end":{"line":138,"column":68}},"138":{"start":{"line":139,"column":0},"end":{"line":139,"column":34}},"139":{"start":{"line":140,"column":0},"end":{"line":140,"column":7}},"140":{"start":{"line":141,"column":0},"end":{"line":141,"column":7}},"142":{"start":{"line":143,"column":0},"end":{"line":143,"column":32}},"143":{"start":{"line":144,"column":0},"end":{"line":144,"column":22}},"144":{"start":{"line":145,"column":0},"end":{"line":145,"column":3}},"159":{"start":{"line":160,"column":0},"end":{"line":160,"column":89}},"160":{"start":{"line":161,"column":0},"end":{"line":161,"column":30}},"162":{"start":{"line":163,"column":0},"end":{"line":163,"column":20}},"163":{"start":{"line":164,"column":0},"end":{"line":164,"column":21}},"165":{"start":{"line":166,"column":0},"end":{"line":166,"column":38}},"166":{"start":{"line":167,"column":0},"end":{"line":167,"column":85}},"167":{"start":{"line":168,"column":0},"end":{"line":168,"column":22}},"168":{"start":{"line":169,"column":0},"end":{"line":169,"column":74}},"169":{"start":{"line":170,"column":0},"end":{"line":170,"column":26}},"170":{"start":{"line":171,"column":0},"end":{"line":171,"column":7}},"171":{"start":{"line":172,"column":0},"end":{"line":172,"column":5}},"173":{"start":{"line":174,"column":0},"end":{"line":174,"column":78}},"174":{"start":{"line":175,"column":0},"end":{"line":175,"column":3}},"176":{"start":{"line":177,"column":0},"end":{"line":177,"column":19}},"177":{"start":{"line":178,"column":0},"end":{"line":178,"column":68}},"178":{"start":{"line":179,"column":0},"end":{"line":179,"column":35}},"180":{"start":{"line":181,"column":0},"end":{"line":181,"column":39}},"181":{"start":{"line":182,"column":0},"end":{"line":182,"column":62}},"182":{"start":{"line":183,"column":0},"end":{"line":183,"column":5}},"184":{"start":{"line":185,"column":0},"end":{"line":185,"column":37}},"186":{"start":{"line":187,"column":0},"end":{"line":187,"column":19}},"187":{"start":{"line":188,"column":0},"end":{"line":188,"column":56}},"188":{"start":{"line":189,"column":0},"end":{"line":189,"column":47}},"189":{"start":{"line":190,"column":0},"end":{"line":190,"column":59}},"190":{"start":{"line":191,"column":0},"end":{"line":191,"column":42}},"192":{"start":{"line":193,"column":0},"end":{"line":193,"column":31}},"193":{"start":{"line":194,"column":0},"end":{"line":194,"column":57}},"194":{"start":{"line":195,"column":0},"end":{"line":195,"column":30}},"195":{"start":{"line":196,"column":0},"end":{"line":196,"column":4}},"197":{"start":{"line":198,"column":0},"end":{"line":198,"column":10}},"198":{"start":{"line":199,"column":0},"end":{"line":199,"column":9}},"199":{"start":{"line":200,"column":0},"end":{"line":200,"column":56}},"200":{"start":{"line":201,"column":0},"end":{"line":201,"column":13}},"201":{"start":{"line":202,"column":0},"end":{"line":202,"column":17}},"202":{"start":{"line":203,"column":0},"end":{"line":203,"column":31}},"203":{"start":{"line":204,"column":0},"end":{"line":204,"column":29}},"204":{"start":{"line":205,"column":0},"end":{"line":205,"column":51}},"205":{"start":{"line":206,"column":0},"end":{"line":206,"column":66}},"207":{"start":{"line":208,"column":0},"end":{"line":208,"column":59}},"208":{"start":{"line":209,"column":0},"end":{"line":209,"column":66}},"209":{"start":{"line":210,"column":0},"end":{"line":210,"column":15}},"210":{"start":{"line":211,"column":0},"end":{"line":211,"column":19}},"211":{"start":{"line":212,"column":0},"end":{"line":212,"column":65}},"212":{"start":{"line":213,"column":0},"end":{"line":213,"column":14}},"214":{"start":{"line":215,"column":0},"end":{"line":215,"column":13}},"215":{"start":{"line":216,"column":0},"end":{"line":216,"column":48}},"216":{"start":{"line":217,"column":0},"end":{"line":217,"column":166}},"217":{"start":{"line":218,"column":0},"end":{"line":218,"column":14}},"218":{"start":{"line":219,"column":0},"end":{"line":219,"column":12}},"220":{"start":{"line":221,"column":0},"end":{"line":221,"column":45}},"221":{"start":{"line":222,"column":0},"end":{"line":222,"column":15}},"222":{"start":{"line":223,"column":0},"end":{"line":223,"column":54}},"223":{"start":{"line":224,"column":0},"end":{"line":224,"column":42}},"224":{"start":{"line":225,"column":0},"end":{"line":225,"column":18}},"225":{"start":{"line":226,"column":0},"end":{"line":226,"column":27}},"226":{"start":{"line":227,"column":0},"end":{"line":227,"column":35}},"227":{"start":{"line":228,"column":0},"end":{"line":228,"column":61}},"228":{"start":{"line":229,"column":0},"end":{"line":229,"column":163}},"230":{"start":{"line":231,"column":0},"end":{"line":231,"column":67}},"231":{"start":{"line":232,"column":0},"end":{"line":232,"column":71}},"232":{"start":{"line":233,"column":0},"end":{"line":233,"column":22}},"233":{"start":{"line":234,"column":0},"end":{"line":234,"column":41}},"234":{"start":{"line":235,"column":0},"end":{"line":235,"column":60}},"236":{"start":{"line":237,"column":0},"end":{"line":237,"column":39}},"237":{"start":{"line":238,"column":0},"end":{"line":238,"column":24}},"238":{"start":{"line":239,"column":0},"end":{"line":239,"column":57}},"239":{"start":{"line":240,"column":0},"end":{"line":240,"column":29}},"240":{"start":{"line":241,"column":0},"end":{"line":241,"column":37}},"241":{"start":{"line":242,"column":0},"end":{"line":242,"column":51}},"242":{"start":{"line":243,"column":0},"end":{"line":243,"column":85}},"243":{"start":{"line":244,"column":0},"end":{"line":244,"column":50}},"244":{"start":{"line":245,"column":0},"end":{"line":245,"column":37}},"246":{"start":{"line":247,"column":0},"end":{"line":247,"column":131}},"247":{"start":{"line":248,"column":0},"end":{"line":248,"column":127}},"248":{"start":{"line":249,"column":0},"end":{"line":249,"column":30}},"249":{"start":{"line":250,"column":0},"end":{"line":250,"column":31}},"250":{"start":{"line":251,"column":0},"end":{"line":251,"column":29}},"251":{"start":{"line":252,"column":0},"end":{"line":252,"column":37}},"252":{"start":{"line":253,"column":0},"end":{"line":253,"column":52}},"253":{"start":{"line":254,"column":0},"end":{"line":254,"column":86}},"254":{"start":{"line":255,"column":0},"end":{"line":255,"column":50}},"255":{"start":{"line":256,"column":0},"end":{"line":256,"column":37}},"257":{"start":{"line":258,"column":0},"end":{"line":258,"column":154}},"258":{"start":{"line":259,"column":0},"end":{"line":259,"column":127}},"259":{"start":{"line":260,"column":0},"end":{"line":260,"column":30}},"260":{"start":{"line":261,"column":0},"end":{"line":261,"column":31}},"261":{"start":{"line":262,"column":0},"end":{"line":262,"column":26}},"262":{"start":{"line":263,"column":0},"end":{"line":263,"column":24}},"263":{"start":{"line":264,"column":0},"end":{"line":264,"column":22}},"264":{"start":{"line":265,"column":0},"end":{"line":265,"column":19}},"265":{"start":{"line":266,"column":0},"end":{"line":266,"column":15}},"266":{"start":{"line":267,"column":0},"end":{"line":267,"column":15}},"267":{"start":{"line":268,"column":0},"end":{"line":268,"column":16}},"268":{"start":{"line":269,"column":0},"end":{"line":269,"column":34}},"269":{"start":{"line":270,"column":0},"end":{"line":270,"column":73}},"270":{"start":{"line":271,"column":0},"end":{"line":271,"column":15}},"271":{"start":{"line":272,"column":0},"end":{"line":272,"column":28}},"272":{"start":{"line":273,"column":0},"end":{"line":273,"column":24}},"273":{"start":{"line":274,"column":0},"end":{"line":274,"column":35}},"274":{"start":{"line":275,"column":0},"end":{"line":275,"column":35}},"275":{"start":{"line":276,"column":0},"end":{"line":276,"column":33}},"276":{"start":{"line":277,"column":0},"end":{"line":277,"column":34}},"277":{"start":{"line":278,"column":0},"end":{"line":278,"column":17}},"278":{"start":{"line":279,"column":0},"end":{"line":279,"column":16}},"279":{"start":{"line":280,"column":0},"end":{"line":280,"column":35}},"280":{"start":{"line":281,"column":0},"end":{"line":281,"column":36}},"281":{"start":{"line":282,"column":0},"end":{"line":282,"column":33}},"282":{"start":{"line":283,"column":0},"end":{"line":283,"column":35}},"283":{"start":{"line":284,"column":0},"end":{"line":284,"column":17}},"284":{"start":{"line":285,"column":0},"end":{"line":285,"column":16}},"285":{"start":{"line":286,"column":0},"end":{"line":286,"column":39}},"287":{"start":{"line":288,"column":0},"end":{"line":288,"column":50}},"288":{"start":{"line":289,"column":0},"end":{"line":289,"column":43}},"289":{"start":{"line":290,"column":0},"end":{"line":290,"column":32}},"290":{"start":{"line":291,"column":0},"end":{"line":291,"column":29}},"291":{"start":{"line":292,"column":0},"end":{"line":292,"column":67}},"292":{"start":{"line":293,"column":0},"end":{"line":293,"column":63}},"294":{"start":{"line":295,"column":0},"end":{"line":295,"column":133}},"295":{"start":{"line":296,"column":0},"end":{"line":296,"column":21}},"296":{"start":{"line":297,"column":0},"end":{"line":297,"column":17}},"297":{"start":{"line":298,"column":0},"end":{"line":298,"column":17}},"298":{"start":{"line":299,"column":0},"end":{"line":299,"column":13}},"299":{"start":{"line":300,"column":0},"end":{"line":300,"column":16}},"300":{"start":{"line":301,"column":0},"end":{"line":301,"column":14}},"302":{"start":{"line":303,"column":0},"end":{"line":303,"column":49}},"303":{"start":{"line":304,"column":0},"end":{"line":304,"column":155}},"305":{"start":{"line":306,"column":0},"end":{"line":306,"column":49}},"306":{"start":{"line":307,"column":0},"end":{"line":307,"column":17}},"307":{"start":{"line":308,"column":0},"end":{"line":308,"column":59}},"308":{"start":{"line":309,"column":0},"end":{"line":309,"column":40}},"309":{"start":{"line":310,"column":0},"end":{"line":310,"column":96}},"310":{"start":{"line":311,"column":0},"end":{"line":311,"column":38}},"311":{"start":{"line":312,"column":0},"end":{"line":312,"column":11}},"313":{"start":{"line":314,"column":0},"end":{"line":314,"column":19}},"315":{"start":{"line":316,"column":0},"end":{"line":316,"column":44}},"316":{"start":{"line":317,"column":0},"end":{"line":317,"column":40}},"317":{"start":{"line":318,"column":0},"end":{"line":318,"column":21}},"318":{"start":{"line":319,"column":0},"end":{"line":319,"column":27}},"319":{"start":{"line":320,"column":0},"end":{"line":320,"column":52}},"320":{"start":{"line":321,"column":0},"end":{"line":321,"column":48}},"321":{"start":{"line":322,"column":0},"end":{"line":322,"column":38}},"322":{"start":{"line":323,"column":0},"end":{"line":323,"column":46}},"323":{"start":{"line":324,"column":0},"end":{"line":324,"column":48}},"324":{"start":{"line":325,"column":0},"end":{"line":325,"column":19}},"325":{"start":{"line":326,"column":0},"end":{"line":326,"column":72}},"327":{"start":{"line":328,"column":0},"end":{"line":328,"column":22}},"328":{"start":{"line":329,"column":0},"end":{"line":329,"column":23}},"330":{"start":{"line":331,"column":0},"end":{"line":331,"column":49}},"332":{"start":{"line":333,"column":0},"end":{"line":333,"column":21}},"334":{"start":{"line":335,"column":0},"end":{"line":335,"column":12}},"336":{"start":{"line":337,"column":0},"end":{"line":337,"column":17}},"337":{"start":{"line":338,"column":0},"end":{"line":338,"column":59}},"338":{"start":{"line":339,"column":0},"end":{"line":339,"column":50}},"339":{"start":{"line":340,"column":0},"end":{"line":340,"column":96}},"340":{"start":{"line":341,"column":0},"end":{"line":341,"column":34}},"341":{"start":{"line":342,"column":0},"end":{"line":342,"column":11}},"343":{"start":{"line":344,"column":0},"end":{"line":344,"column":19}},"344":{"start":{"line":345,"column":0},"end":{"line":345,"column":14}},"345":{"start":{"line":346,"column":0},"end":{"line":346,"column":12}},"346":{"start":{"line":347,"column":0},"end":{"line":347,"column":10}},"348":{"start":{"line":349,"column":0},"end":{"line":349,"column":1}},"350":{"start":{"line":351,"column":0},"end":{"line":351,"column":21}}},"s":{"0":1,"24":76,"26":76,"27":76,"28":76,"29":76,"30":76,"32":76,"33":76,"35":76,"36":76,"38":76,"52":76,"53":12,"55":12,"56":12,"57":7,"58":7,"59":1,"60":1,"61":7,"62":2,"63":2,"64":7,"65":3,"66":35,"67":35,"68":35,"69":35,"70":2,"71":2,"72":2,"73":33,"74":35,"75":0,"76":0,"77":0,"78":3,"79":3,"80":7,"81":1,"82":1,"83":7,"84":12,"85":5,"86":5,"87":1,"88":1,"89":5,"90":2,"91":2,"92":5,"93":1,"94":26,"95":26,"96":26,"97":0,"98":0,"99":1,"100":1,"101":5,"102":1,"103":1,"104":5,"105":5,"107":12,"109":12,"110":12,"117":76,"118":2,"119":2,"120":2,"121":2,"133":76,"134":10,"135":10,"136":120,"137":120,"138":20,"139":20,"140":10,"142":10,"143":10,"144":10,"159":76,"160":44,"162":1,"163":1,"165":44,"166":2,"167":2,"168":2,"169":0,"170":0,"171":2,"173":1,"174":44,"176":76,"177":30,"178":30,"180":30,"181":0,"182":0,"184":76,"186":76,"187":32,"188":32,"189":32,"190":76,"192":76,"193":76,"194":76,"195":76,"197":76,"198":76,"199":76,"200":76,"201":76,"202":76,"203":76,"204":76,"205":76,"207":76,"208":300,"209":76,"210":76,"211":76,"212":76,"214":76,"215":76,"216":76,"217":76,"218":76,"220":76,"221":76,"222":76,"223":76,"224":340,"225":340,"226":340,"227":340,"228":340,"230":340,"231":340,"232":340,"233":340,"234":340,"236":340,"237":340,"238":340,"239":340,"240":340,"241":340,"242":340,"243":340,"244":340,"246":340,"247":340,"248":340,"249":340,"250":340,"251":340,"252":340,"253":340,"254":340,"255":340,"257":340,"258":340,"259":340,"260":340,"261":340,"262":340,"263":340,"264":340,"265":76,"266":76,"267":76,"268":76,"269":76,"270":443,"271":443,"272":443,"273":443,"274":0,"275":0,"276":0,"277":0,"278":0,"279":443,"280":0,"281":0,"282":0,"283":0,"284":0,"285":443,"287":443,"288":1855,"289":1855,"290":1855,"291":1855,"292":1855,"294":1855,"295":1855,"296":443,"297":443,"298":76,"299":76,"300":76,"302":76,"303":76,"305":76,"306":76,"307":76,"308":76,"309":76,"310":76,"311":76,"313":76,"315":76,"316":4,"317":4,"318":4,"319":4,"320":4,"321":4,"322":2,"323":2,"324":4,"325":4,"327":4,"328":4,"330":0,"332":0,"334":76,"336":76,"337":76,"338":76,"339":76,"340":76,"341":76,"343":76,"344":76,"345":76,"346":76,"348":76,"350":1},"branchMap":{"0":{"type":"branch","line":25,"loc":{"start":{"line":25,"column":0},"end":{"line":349,"column":1}},"locations":[{"start":{"line":25,"column":0},"end":{"line":349,"column":1}}]},"1":{"type":"branch","line":53,"loc":{"start":{"line":53,"column":21},"end":{"line":111,"column":3}},"locations":[{"start":{"line":53,"column":21},"end":{"line":111,"column":3}}]},"2":{"type":"branch","line":57,"loc":{"start":{"line":57,"column":24},"end":{"line":85,"column":15}},"locations":[{"start":{"line":57,"column":24},"end":{"line":85,"column":15}}]},"3":{"type":"branch","line":59,"loc":{"start":{"line":59,"column":8},"end":{"line":61,"column":16}},"locations":[{"start":{"line":59,"column":8},"end":{"line":61,"column":16}}]},"4":{"type":"branch","line":62,"loc":{"start":{"line":62,"column":8},"end":{"line":64,"column":16}},"locations":[{"start":{"line":62,"column":8},"end":{"line":64,"column":16}}]},"5":{"type":"branch","line":65,"loc":{"start":{"line":65,"column":8},"end":{"line":80,"column":16}},"locations":[{"start":{"line":65,"column":8},"end":{"line":80,"column":16}}]},"6":{"type":"branch","line":81,"loc":{"start":{"line":81,"column":8},"end":{"line":83,"column":16}},"locations":[{"start":{"line":81,"column":8},"end":{"line":83,"column":16}}]},"7":{"type":"branch","line":85,"loc":{"start":{"line":85,"column":4},"end":{"line":106,"column":5}},"locations":[{"start":{"line":85,"column":4},"end":{"line":106,"column":5}}]},"8":{"type":"branch","line":87,"loc":{"start":{"line":87,"column":8},"end":{"line":89,"column":16}},"locations":[{"start":{"line":87,"column":8},"end":{"line":89,"column":16}}]},"9":{"type":"branch","line":90,"loc":{"start":{"line":90,"column":8},"end":{"line":92,"column":16}},"locations":[{"start":{"line":90,"column":8},"end":{"line":92,"column":16}}]},"10":{"type":"branch","line":93,"loc":{"start":{"line":93,"column":8},"end":{"line":101,"column":16}},"locations":[{"start":{"line":93,"column":8},"end":{"line":101,"column":16}}]},"11":{"type":"branch","line":102,"loc":{"start":{"line":102,"column":8},"end":{"line":104,"column":16}},"locations":[{"start":{"line":102,"column":8},"end":{"line":104,"column":16}}]},"12":{"type":"branch","line":56,"loc":{"start":{"line":56,"column":43},"end":{"line":56,"column":65}},"locations":[{"start":{"line":56,"column":43},"end":{"line":56,"column":65}}]},"13":{"type":"branch","line":60,"loc":{"start":{"line":60,"column":37},"end":{"line":60,"column":65}},"locations":[{"start":{"line":60,"column":37},"end":{"line":60,"column":65}}]},"14":{"type":"branch","line":63,"loc":{"start":{"line":63,"column":37},"end":{"line":63,"column":52}},"locations":[{"start":{"line":63,"column":37},"end":{"line":63,"column":52}}]},"15":{"type":"branch","line":66,"loc":{"start":{"line":66,"column":37},"end":{"line":79,"column":11}},"locations":[{"start":{"line":66,"column":37},"end":{"line":79,"column":11}}]},"16":{"type":"branch","line":70,"loc":{"start":{"line":70,"column":39},"end":{"line":70,"column":68}},"locations":[{"start":{"line":70,"column":39},"end":{"line":70,"column":68}}]},"17":{"type":"branch","line":70,"loc":{"start":{"line":70,"column":68},"end":{"line":73,"column":15}},"locations":[{"start":{"line":70,"column":68},"end":{"line":73,"column":15}}]},"18":{"type":"branch","line":73,"loc":{"start":{"line":73,"column":14},"end":{"line":75,"column":19}},"locations":[{"start":{"line":73,"column":14},"end":{"line":75,"column":19}}]},"19":{"type":"branch","line":75,"loc":{"start":{"line":75,"column":12},"end":{"line":78,"column":13}},"locations":[{"start":{"line":75,"column":12},"end":{"line":78,"column":13}}]},"20":{"type":"branch","line":82,"loc":{"start":{"line":82,"column":37},"end":{"line":82,"column":52}},"locations":[{"start":{"line":82,"column":37},"end":{"line":82,"column":52}}]},"21":{"type":"branch","line":88,"loc":{"start":{"line":88,"column":37},"end":{"line":88,"column":65}},"locations":[{"start":{"line":88,"column":37},"end":{"line":88,"column":65}}]},"22":{"type":"branch","line":91,"loc":{"start":{"line":91,"column":37},"end":{"line":91,"column":52}},"locations":[{"start":{"line":91,"column":37},"end":{"line":91,"column":52}}]},"23":{"type":"branch","line":94,"loc":{"start":{"line":94,"column":37},"end":{"line":100,"column":11}},"locations":[{"start":{"line":94,"column":37},"end":{"line":100,"column":11}}]},"24":{"type":"branch","line":97,"loc":{"start":{"line":97,"column":12},"end":{"line":99,"column":13}},"locations":[{"start":{"line":97,"column":12},"end":{"line":99,"column":13}}]},"25":{"type":"branch","line":103,"loc":{"start":{"line":103,"column":37},"end":{"line":103,"column":52}},"locations":[{"start":{"line":103,"column":37},"end":{"line":103,"column":52}}]},"26":{"type":"branch","line":108,"loc":{"start":{"line":108,"column":49},"end":{"line":108,"column":103}},"locations":[{"start":{"line":108,"column":49},"end":{"line":108,"column":103}}]},"27":{"type":"branch","line":108,"loc":{"start":{"line":108,"column":70},"end":{"line":108,"column":102}},"locations":[{"start":{"line":108,"column":70},"end":{"line":108,"column":102}}]},"28":{"type":"branch","line":118,"loc":{"start":{"line":118,"column":39},"end":{"line":122,"column":3}},"locations":[{"start":{"line":118,"column":39},"end":{"line":122,"column":3}}]},"29":{"type":"branch","line":134,"loc":{"start":{"line":134,"column":23},"end":{"line":145,"column":3}},"locations":[{"start":{"line":134,"column":23},"end":{"line":145,"column":3}}]},"30":{"type":"branch","line":136,"loc":{"start":{"line":136,"column":17},"end":{"line":141,"column":5}},"locations":[{"start":{"line":136,"column":17},"end":{"line":141,"column":5}}]},"31":{"type":"branch","line":138,"loc":{"start":{"line":138,"column":67},"end":{"line":140,"column":7}},"locations":[{"start":{"line":138,"column":67},"end":{"line":140,"column":7}}]},"32":{"type":"branch","line":160,"loc":{"start":{"line":160,"column":31},"end":{"line":175,"column":3}},"locations":[{"start":{"line":160,"column":31},"end":{"line":175,"column":3}}]},"33":{"type":"branch","line":161,"loc":{"start":{"line":161,"column":20},"end":{"line":161,"column":30}},"locations":[{"start":{"line":161,"column":20},"end":{"line":161,"column":30}}]},"34":{"type":"branch","line":161,"loc":{"start":{"line":161,"column":28},"end":{"line":166,"column":37}},"locations":[{"start":{"line":161,"column":28},"end":{"line":166,"column":37}}]},"35":{"type":"branch","line":166,"loc":{"start":{"line":166,"column":37},"end":{"line":172,"column":5}},"locations":[{"start":{"line":166,"column":37},"end":{"line":172,"column":5}}]},"36":{"type":"branch","line":167,"loc":{"start":{"line":167,"column":16},"end":{"line":167,"column":37}},"locations":[{"start":{"line":167,"column":16},"end":{"line":167,"column":37}}]},"37":{"type":"branch","line":167,"loc":{"start":{"line":167,"column":27},"end":{"line":167,"column":84}},"locations":[{"start":{"line":167,"column":27},"end":{"line":167,"column":84}}]},"38":{"type":"branch","line":169,"loc":{"start":{"line":169,"column":6},"end":{"line":171,"column":7}},"locations":[{"start":{"line":169,"column":6},"end":{"line":171,"column":7}}]},"39":{"type":"branch","line":172,"loc":{"start":{"line":172,"column":4},"end":{"line":174,"column":78}},"locations":[{"start":{"line":172,"column":4},"end":{"line":174,"column":78}}]},"40":{"type":"branch","line":174,"loc":{"start":{"line":174,"column":24},"end":{"line":174,"column":77}},"locations":[{"start":{"line":174,"column":24},"end":{"line":174,"column":77}}]},"41":{"type":"branch","line":177,"loc":{"start":{"line":177,"column":12},"end":{"line":185,"column":5}},"locations":[{"start":{"line":177,"column":12},"end":{"line":185,"column":5}}]},"42":{"type":"branch","line":181,"loc":{"start":{"line":181,"column":38},"end":{"line":183,"column":5}},"locations":[{"start":{"line":181,"column":38},"end":{"line":183,"column":5}}]},"43":{"type":"branch","line":187,"loc":{"start":{"line":187,"column":12},"end":{"line":191,"column":5}},"locations":[{"start":{"line":187,"column":12},"end":{"line":191,"column":5}}]},"44":{"type":"branch","line":194,"loc":{"start":{"line":194,"column":4},"end":{"line":194,"column":57}},"locations":[{"start":{"line":194,"column":4},"end":{"line":194,"column":57}}]},"45":{"type":"branch","line":208,"loc":{"start":{"line":208,"column":39},"end":{"line":209,"column":66}},"locations":[{"start":{"line":208,"column":39},"end":{"line":209,"column":66}}]},"46":{"type":"branch","line":217,"loc":{"start":{"line":217,"column":141},"end":{"line":217,"column":164}},"locations":[{"start":{"line":217,"column":141},"end":{"line":217,"column":164}}]},"47":{"type":"branch","line":224,"loc":{"start":{"line":224,"column":25},"end":{"line":265,"column":19}},"locations":[{"start":{"line":224,"column":25},"end":{"line":265,"column":19}}]},"48":{"type":"branch","line":243,"loc":{"start":{"line":243,"column":33},"end":{"line":243,"column":85}},"locations":[{"start":{"line":243,"column":33},"end":{"line":243,"column":85}}]},"49":{"type":"branch","line":254,"loc":{"start":{"line":254,"column":33},"end":{"line":254,"column":86}},"locations":[{"start":{"line":254,"column":33},"end":{"line":254,"column":86}}]},"50":{"type":"branch","line":270,"loc":{"start":{"line":270,"column":31},"end":{"line":298,"column":17}},"locations":[{"start":{"line":270,"column":31},"end":{"line":298,"column":17}}]},"51":{"type":"branch","line":288,"loc":{"start":{"line":288,"column":27},"end":{"line":296,"column":21}},"locations":[{"start":{"line":288,"column":27},"end":{"line":296,"column":21}}]},"52":{"type":"branch","line":295,"loc":{"start":{"line":295,"column":37},"end":{"line":295,"column":99}},"locations":[{"start":{"line":295,"column":37},"end":{"line":295,"column":99}}]},"53":{"type":"branch","line":295,"loc":{"start":{"line":295,"column":95},"end":{"line":295,"column":133}},"locations":[{"start":{"line":295,"column":95},"end":{"line":295,"column":133}}]},"54":{"type":"branch","line":316,"loc":{"start":{"line":316,"column":28},"end":{"line":333,"column":21}},"locations":[{"start":{"line":316,"column":28},"end":{"line":333,"column":21}}]},"55":{"type":"branch","line":322,"loc":{"start":{"line":322,"column":27},"end":{"line":323,"column":46}},"locations":[{"start":{"line":322,"column":27},"end":{"line":323,"column":46}}]},"56":{"type":"branch","line":323,"loc":{"start":{"line":323,"column":22},"end":{"line":324,"column":48}},"locations":[{"start":{"line":323,"column":22},"end":{"line":324,"column":48}}]},"57":{"type":"branch","line":326,"loc":{"start":{"line":326,"column":39},"end":{"line":326,"column":62}},"locations":[{"start":{"line":326,"column":39},"end":{"line":326,"column":62}}]},"58":{"type":"branch","line":326,"loc":{"start":{"line":326,"column":53},"end":{"line":326,"column":72}},"locations":[{"start":{"line":326,"column":53},"end":{"line":326,"column":72}}]},"59":{"type":"branch","line":329,"loc":{"start":{"line":329,"column":14},"end":{"line":333,"column":21}},"locations":[{"start":{"line":329,"column":14},"end":{"line":333,"column":21}}]},"60":{"type":"branch","line":338,"loc":{"start":{"line":338,"column":21},"end":{"line":338,"column":59}},"locations":[{"start":{"line":338,"column":21},"end":{"line":338,"column":59}}]}},"b":{"0":[76],"1":[12],"2":[7],"3":[1],"4":[2],"5":[3],"6":[1],"7":[5],"8":[1],"9":[2],"10":[1],"11":[1],"12":[124],"13":[29],"14":[38],"15":[35],"16":[33],"17":[2],"18":[33],"19":[0],"20":[26],"21":[27],"22":[44],"23":[26],"24":[0],"25":[28],"26":[124],"27":[658],"28":[2],"29":[10],"30":[120],"31":[20],"32":[44],"33":[43],"34":[1],"35":[2],"36":[1],"37":[0],"38":[0],"39":[1],"40":[2],"41":[30],"42":[0],"43":[32],"44":[44],"45":[300],"46":[10],"47":[340],"48":[7],"49":[5],"50":[443],"51":[1855],"52":[353],"53":[1502],"54":[4],"55":[2],"56":[2],"57":[2],"58":[2],"59":[0],"60":[1]},"fnMap":{"0":{"name":"Table","decl":{"start":{"line":25,"column":0},"end":{"line":349,"column":1}},"loc":{"start":{"line":25,"column":0},"end":{"line":349,"column":1}},"line":25},"1":{"name":"handleSort","decl":{"start":{"line":53,"column":21},"end":{"line":111,"column":3}},"loc":{"start":{"line":53,"column":21},"end":{"line":111,"column":3}},"line":53},"2":{"name":"handleDisplayedEntriesChange","decl":{"start":{"line":118,"column":39},"end":{"line":122,"column":3}},"loc":{"start":{"line":118,"column":39},"end":{"line":122,"column":3}},"line":118},"3":{"name":"handleSearch","decl":{"start":{"line":134,"column":23},"end":{"line":145,"column":3}},"loc":{"start":{"line":134,"column":23},"end":{"line":145,"column":3}},"line":134},"4":{"name":"generatePagesNumbers","decl":{"start":{"line":160,"column":31},"end":{"line":175,"column":3}},"loc":{"start":{"line":160,"column":31},"end":{"line":175,"column":3}},"line":160},"5":{"name":"onChange","decl":{"start":{"line":217,"column":141},"end":{"line":217,"column":164}},"loc":{"start":{"line":217,"column":141},"end":{"line":217,"column":164}},"line":217},"6":{"name":"onClick","decl":{"start":{"line":243,"column":33},"end":{"line":243,"column":85}},"loc":{"start":{"line":243,"column":33},"end":{"line":243,"column":85}},"line":243},"7":{"name":"onClick","decl":{"start":{"line":254,"column":33},"end":{"line":254,"column":86}},"loc":{"start":{"line":254,"column":33},"end":{"line":254,"column":86}},"line":254},"8":{"name":"onMouseEnter","decl":{"start":{"line":274,"column":28},"end":{"line":279,"column":16}},"loc":{"start":{"line":274,"column":28},"end":{"line":279,"column":16}},"line":274},"9":{"name":"onMouseLeave","decl":{"start":{"line":280,"column":28},"end":{"line":285,"column":16}},"loc":{"start":{"line":280,"column":28},"end":{"line":285,"column":16}},"line":280},"10":{"name":"onClick","decl":{"start":{"line":308,"column":21},"end":{"line":308,"column":59}},"loc":{"start":{"line":308,"column":21},"end":{"line":308,"column":59}},"line":308},"11":{"name":"onClick","decl":{"start":{"line":320,"column":25},"end":{"line":320,"column":52}},"loc":{"start":{"line":320,"column":25},"end":{"line":320,"column":52}},"line":320},"12":{"name":"onClick","decl":{"start":{"line":338,"column":21},"end":{"line":338,"column":59}},"loc":{"start":{"line":338,"column":21},"end":{"line":338,"column":59}},"line":338}},"f":{"0":76,"1":12,"2":2,"3":10,"4":44,"5":10,"6":7,"7":5,"8":0,"9":0,"10":0,"11":0,"12":1}}
}
